{"C:\\Users\\Özgür\\Source\\Repos\\xmlbuilder2\\tests\\dom\\DOMImplementation.test.ts":{"path":"C:\\Users\\Özgür\\Source\\Repos\\xmlbuilder2\\tests\\dom\\DOMImplementation.test.ts","statementMap":{"0":{"start":{"line":2,"column":0},"end":{"line":2,"column":62}},"1":{"start":{"line":3,"column":17},"end":{"line":3,"column":37}},"2":{"start":{"line":4,"column":0},"end":{"line":9,"column":3}},"3":{"start":{"line":5,"column":4},"end":{"line":8,"column":7}},"4":{"start":{"line":6,"column":18},"end":{"line":6,"column":68}},"5":{"start":{"line":7,"column":8},"end":{"line":7,"column":74}}},"fnMap":{"0":{"name":"(anonymous_0)","decl":{"start":{"line":4,"column":30},"end":{"line":4,"column":31}},"loc":{"start":{"line":4,"column":42},"end":{"line":9,"column":1}},"line":4},"1":{"name":"(anonymous_1)","decl":{"start":{"line":5,"column":27},"end":{"line":5,"column":28}},"loc":{"start":{"line":5,"column":39},"end":{"line":8,"column":5}},"line":5}},"branchMap":{},"s":{"0":1,"1":1,"2":1,"3":1,"4":1,"5":0},"f":{"0":1,"1":1},"b":{},"_coverageSchema":"43e27e138ebf9cfc5966b082cf9a028302ed4184","hash":"c110fcafd86d5affdc12c54034f5c8db46dc19df","contentHash":"20cc2bd83b7b426a333f24a55b7043c892f8fb0a06dc2c6cd2498bec60772178"},"C:\\Users\\Özgür\\Source\\Repos\\xmlbuilder2\\tests\\common.ts":{"path":"C:\\Users\\Özgür\\Source\\Repos\\xmlbuilder2\\tests\\common.ts","statementMap":{"0":{"start":{"line":2,"column":22},"end":{"line":4,"column":1}},"1":{"start":{"line":3,"column":4},"end":{"line":3,"column":62}},"2":{"start":{"line":5,"column":0},"end":{"line":5,"column":62}},"3":{"start":{"line":6,"column":0},"end":{"line":6,"column":17}},"4":{"start":{"line":7,"column":15},"end":{"line":7,"column":47}},"5":{"start":{"line":8,"column":16},"end":{"line":8,"column":60}},"6":{"start":{"line":9,"column":0},"end":{"line":9,"column":30}},"7":{"start":{"line":10,"column":0},"end":{"line":10,"column":39}},"8":{"start":{"line":11,"column":0},"end":{"line":11,"column":39}}},"fnMap":{"0":{"name":"(anonymous_0)","decl":{"start":{"line":2,"column":56},"end":{"line":2,"column":57}},"loc":{"start":{"line":2,"column":71},"end":{"line":4,"column":1}},"line":2}},"branchMap":{"0":{"loc":{"start":{"line":2,"column":22},"end":{"line":4,"column":1}},"type":"binary-expr","locations":[{"start":{"line":2,"column":23},"end":{"line":2,"column":27}},{"start":{"line":2,"column":31},"end":{"line":2,"column":51}},{"start":{"line":2,"column":56},"end":{"line":4,"column":1}}],"line":2},"1":{"loc":{"start":{"line":3,"column":11},"end":{"line":3,"column":61}},"type":"cond-expr","locations":[{"start":{"line":3,"column":37},"end":{"line":3,"column":40}},{"start":{"line":3,"column":43},"end":{"line":3,"column":61}}],"line":3},"2":{"loc":{"start":{"line":3,"column":12},"end":{"line":3,"column":33}},"type":"binary-expr","locations":[{"start":{"line":3,"column":12},"end":{"line":3,"column":15}},{"start":{"line":3,"column":19},"end":{"line":3,"column":33}}],"line":3}},"s":{"0":1,"1":2,"2":1,"3":1,"4":1,"5":1,"6":1,"7":1,"8":1},"f":{"0":2},"b":{"0":[1,1,1],"1":[0,2],"2":[2,2]},"_coverageSchema":"43e27e138ebf9cfc5966b082cf9a028302ed4184","hash":"f9eaad2e2019c5118467fd9310f1f7d347dcab5d","contentHash":"93d2d760a9f84b167fa0fca32497fd0888524bee0e73497ef45b10e4578d2cce"},"C:\\Users\\Özgür\\Source\\Repos\\xmlbuilder2\\src\\dom\\index.ts":{"path":"C:\\Users\\Özgür\\Source\\Repos\\xmlbuilder2\\src\\dom\\index.ts","statementMap":{"0":{"start":{"line":2,"column":28},"end":{"line":2,"column":58}},"1":{"start":{"line":3,"column":0},"end":{"line":3,"column":61}}},"fnMap":{},"branchMap":{},"s":{"0":1,"1":1},"f":{},"b":{},"_coverageSchema":"43e27e138ebf9cfc5966b082cf9a028302ed4184","hash":"76d972d72fa0f2965df7ad274d41f270391b282e","contentHash":"9efb431254e0226ad92db0395781347da8a31f1ef45ab28350ebd1f14ab15262"},"C:\\Users\\Özgür\\Source\\Repos\\xmlbuilder2\\src\\dom\\DOMImplementation.ts":{"path":"C:\\Users\\Özgür\\Source\\Repos\\xmlbuilder2\\src\\dom\\DOMImplementation.ts","statementMap":{"0":{"start":{"line":2,"column":0},"end":{"line":2,"column":62}},"1":{"start":{"line":3,"column":18},"end":{"line":3,"column":38}},"2":{"start":{"line":4,"column":23},"end":{"line":4,"column":48}},"3":{"start":{"line":5,"column":19},"end":{"line":5,"column":40}},"4":{"start":{"line":6,"column":18},"end":{"line":6,"column":38}},"5":{"start":{"line":20,"column":8},"end":{"line":21,"column":68}},"6":{"start":{"line":21,"column":12},"end":{"line":21,"column":68}},"7":{"start":{"line":22,"column":8},"end":{"line":23,"column":61}},"8":{"start":{"line":23,"column":12},"end":{"line":23,"column":61}},"9":{"start":{"line":24,"column":8},"end":{"line":24,"column":78}},"10":{"start":{"line":34,"column":23},"end":{"line":34,"column":48}},"11":{"start":{"line":35,"column":8},"end":{"line":36,"column":42}},"12":{"start":{"line":36,"column":12},"end":{"line":36,"column":42}},"13":{"start":{"line":37,"column":8},"end":{"line":40,"column":9}},"14":{"start":{"line":38,"column":26},"end":{"line":38,"column":76}},"15":{"start":{"line":39,"column":12},"end":{"line":39,"column":42}},"16":{"start":{"line":41,"column":8},"end":{"line":41,"column":24}},"17":{"start":{"line":52,"column":8},"end":{"line":52,"column":62}},"18":{"start":{"line":57,"column":19},"end":{"line":57,"column":31}},"19":{"start":{"line":59,"column":0},"end":{"line":59,"column":46}}},"fnMap":{"0":{"name":"(anonymous_0)","decl":{"start":{"line":19,"column":4},"end":{"line":19,"column":5}},"loc":{"start":{"line":19,"column":58},"end":{"line":25,"column":5}},"line":19},"1":{"name":"(anonymous_1)","decl":{"start":{"line":33,"column":4},"end":{"line":33,"column":5}},"loc":{"start":{"line":33,"column":61},"end":{"line":42,"column":5}},"line":33},"2":{"name":"(anonymous_2)","decl":{"start":{"line":51,"column":4},"end":{"line":51,"column":5}},"loc":{"start":{"line":51,"column":35},"end":{"line":53,"column":5}},"line":51},"3":{"name":"(anonymous_3)","decl":{"start":{"line":57,"column":4},"end":{"line":57,"column":5}},"loc":{"start":{"line":57,"column":17},"end":{"line":57,"column":33}},"line":57}},"branchMap":{"0":{"loc":{"start":{"line":20,"column":8},"end":{"line":21,"column":68}},"type":"if","locations":[{"start":{"line":20,"column":8},"end":{"line":21,"column":68}},{"start":{"line":20,"column":8},"end":{"line":21,"column":68}}],"line":20},"1":{"loc":{"start":{"line":22,"column":8},"end":{"line":23,"column":61}},"type":"if","locations":[{"start":{"line":22,"column":8},"end":{"line":23,"column":61}},{"start":{"line":22,"column":8},"end":{"line":23,"column":61}}],"line":22},"2":{"loc":{"start":{"line":33,"column":45},"end":{"line":33,"column":59}},"type":"default-arg","locations":[{"start":{"line":33,"column":55},"end":{"line":33,"column":59}}],"line":33},"3":{"loc":{"start":{"line":35,"column":8},"end":{"line":36,"column":42}},"type":"if","locations":[{"start":{"line":35,"column":8},"end":{"line":36,"column":42}},{"start":{"line":35,"column":8},"end":{"line":36,"column":42}}],"line":35},"4":{"loc":{"start":{"line":37,"column":8},"end":{"line":40,"column":9}},"type":"if","locations":[{"start":{"line":37,"column":8},"end":{"line":40,"column":9}},{"start":{"line":37,"column":8},"end":{"line":40,"column":9}}],"line":37},"5":{"loc":{"start":{"line":51,"column":23},"end":{"line":51,"column":33}},"type":"default-arg","locations":[{"start":{"line":51,"column":31},"end":{"line":51,"column":33}}],"line":51}},"s":{"0":1,"1":1,"2":1,"3":1,"4":1,"5":0,"6":0,"7":0,"8":0,"9":0,"10":1,"11":1,"12":0,"13":1,"14":1,"15":0,"16":0,"17":0,"18":0,"19":1},"f":{"0":0,"1":1,"2":0,"3":0},"b":{"0":[0,0],"1":[0,0],"2":[0],"3":[0,1],"4":[1,0],"5":[0]},"_coverageSchema":"43e27e138ebf9cfc5966b082cf9a028302ed4184","hash":"1cbc2ea13b7e7d89cfdad0e545b384676a3442a3","contentHash":"95acc641ccea5d227996ad5dd584115e30a04bd1901951bb62712362c9744551"},"C:\\Users\\Özgür\\Source\\Repos\\xmlbuilder2\\src\\dom\\DocType.ts":{"path":"C:\\Users\\Özgür\\Source\\Repos\\xmlbuilder2\\src\\dom\\DocType.ts","statementMap":{"0":{"start":{"line":2,"column":0},"end":{"line":2,"column":62}},"1":{"start":{"line":3,"column":15},"end":{"line":3,"column":32}},"2":{"start":{"line":18,"column":8},"end":{"line":18,"column":29}},"3":{"start":{"line":19,"column":8},"end":{"line":19,"column":30}},"4":{"start":{"line":20,"column":8},"end":{"line":20,"column":34}},"5":{"start":{"line":21,"column":8},"end":{"line":21,"column":34}},"6":{"start":{"line":26,"column":21},"end":{"line":26,"column":53}},"7":{"start":{"line":30,"column":21},"end":{"line":30,"column":43}},"8":{"start":{"line":34,"column":17},"end":{"line":34,"column":39}},"9":{"start":{"line":38,"column":21},"end":{"line":38,"column":43}},"10":{"start":{"line":42,"column":21},"end":{"line":42,"column":43}},"11":{"start":{"line":54,"column":8},"end":{"line":57,"column":9}},"12":{"start":{"line":55,"column":12},"end":{"line":55,"column":28}},"13":{"start":{"line":56,"column":12},"end":{"line":56,"column":28}},"14":{"start":{"line":58,"column":8},"end":{"line":59,"column":42}},"15":{"start":{"line":59,"column":12},"end":{"line":59,"column":42}},"16":{"start":{"line":60,"column":25},"end":{"line":60,"column":87}},"17":{"start":{"line":61,"column":8},"end":{"line":61,"column":38}},"18":{"start":{"line":62,"column":8},"end":{"line":62,"column":26}},"19":{"start":{"line":70,"column":8},"end":{"line":71,"column":25}},"20":{"start":{"line":71,"column":12},"end":{"line":71,"column":25}},"21":{"start":{"line":72,"column":20},"end":{"line":72,"column":24}},"22":{"start":{"line":73,"column":8},"end":{"line":78,"column":24}},"23":{"start":{"line":76,"column":12},"end":{"line":76,"column":25}},"24":{"start":{"line":78,"column":12},"end":{"line":78,"column":24}},"25":{"start":{"line":87,"column":8},"end":{"line":87,"column":20}},"26":{"start":{"line":96,"column":8},"end":{"line":96,"column":20}},"27":{"start":{"line":99,"column":0},"end":{"line":99,"column":26}}},"fnMap":{"0":{"name":"(anonymous_0)","decl":{"start":{"line":17,"column":4},"end":{"line":17,"column":5}},"loc":{"start":{"line":17,"column":74},"end":{"line":22,"column":5}},"line":17},"1":{"name":"(anonymous_1)","decl":{"start":{"line":26,"column":4},"end":{"line":26,"column":5}},"loc":{"start":{"line":26,"column":19},"end":{"line":26,"column":55}},"line":26},"2":{"name":"(anonymous_2)","decl":{"start":{"line":30,"column":4},"end":{"line":30,"column":5}},"loc":{"start":{"line":30,"column":19},"end":{"line":30,"column":45}},"line":30},"3":{"name":"(anonymous_3)","decl":{"start":{"line":34,"column":4},"end":{"line":34,"column":5}},"loc":{"start":{"line":34,"column":15},"end":{"line":34,"column":41}},"line":34},"4":{"name":"(anonymous_4)","decl":{"start":{"line":38,"column":4},"end":{"line":38,"column":5}},"loc":{"start":{"line":38,"column":19},"end":{"line":38,"column":45}},"line":38},"5":{"name":"(anonymous_5)","decl":{"start":{"line":42,"column":4},"end":{"line":42,"column":5}},"loc":{"start":{"line":42,"column":19},"end":{"line":42,"column":45}},"line":42},"6":{"name":"(anonymous_6)","decl":{"start":{"line":53,"column":4},"end":{"line":53,"column":5}},"loc":{"start":{"line":53,"column":45},"end":{"line":63,"column":5}},"line":53},"7":{"name":"(anonymous_7)","decl":{"start":{"line":69,"column":4},"end":{"line":69,"column":5}},"loc":{"start":{"line":69,"column":22},"end":{"line":79,"column":5}},"line":69},"8":{"name":"(anonymous_8)","decl":{"start":{"line":86,"column":4},"end":{"line":86,"column":5}},"loc":{"start":{"line":86,"column":28},"end":{"line":88,"column":5}},"line":86},"9":{"name":"(anonymous_9)","decl":{"start":{"line":95,"column":4},"end":{"line":95,"column":5}},"loc":{"start":{"line":95,"column":31},"end":{"line":97,"column":5}},"line":95}},"branchMap":{"0":{"loc":{"start":{"line":17,"column":16},"end":{"line":17,"column":36}},"type":"default-arg","locations":[{"start":{"line":17,"column":32},"end":{"line":17,"column":36}}],"line":17},"1":{"loc":{"start":{"line":17,"column":44},"end":{"line":17,"column":57}},"type":"default-arg","locations":[{"start":{"line":17,"column":55},"end":{"line":17,"column":57}}],"line":17},"2":{"loc":{"start":{"line":17,"column":59},"end":{"line":17,"column":72}},"type":"default-arg","locations":[{"start":{"line":17,"column":70},"end":{"line":17,"column":72}}],"line":17},"3":{"loc":{"start":{"line":53,"column":14},"end":{"line":53,"column":29}},"type":"default-arg","locations":[{"start":{"line":53,"column":25},"end":{"line":53,"column":29}}],"line":53},"4":{"loc":{"start":{"line":53,"column":31},"end":{"line":53,"column":43}},"type":"default-arg","locations":[{"start":{"line":53,"column":38},"end":{"line":53,"column":43}}],"line":53},"5":{"loc":{"start":{"line":54,"column":8},"end":{"line":57,"column":9}},"type":"if","locations":[{"start":{"line":54,"column":8},"end":{"line":57,"column":9}},{"start":{"line":54,"column":8},"end":{"line":57,"column":9}}],"line":54},"6":{"loc":{"start":{"line":58,"column":8},"end":{"line":59,"column":42}},"type":"if","locations":[{"start":{"line":58,"column":8},"end":{"line":59,"column":42}},{"start":{"line":58,"column":8},"end":{"line":59,"column":42}}],"line":58},"7":{"loc":{"start":{"line":70,"column":8},"end":{"line":71,"column":25}},"type":"if","locations":[{"start":{"line":70,"column":8},"end":{"line":71,"column":25}},{"start":{"line":70,"column":8},"end":{"line":71,"column":25}}],"line":70},"8":{"loc":{"start":{"line":73,"column":8},"end":{"line":78,"column":24}},"type":"if","locations":[{"start":{"line":73,"column":8},"end":{"line":78,"column":24}},{"start":{"line":73,"column":8},"end":{"line":78,"column":24}}],"line":73},"9":{"loc":{"start":{"line":73,"column":12},"end":{"line":75,"column":44}},"type":"binary-expr","locations":[{"start":{"line":73,"column":12},"end":{"line":73,"column":18}},{"start":{"line":73,"column":22},"end":{"line":73,"column":46}},{"start":{"line":74,"column":12},"end":{"line":74,"column":44}},{"start":{"line":75,"column":12},"end":{"line":75,"column":44}}],"line":73}},"s":{"0":1,"1":1,"2":0,"3":0,"4":0,"5":0,"6":0,"7":0,"8":0,"9":0,"10":0,"11":0,"12":0,"13":0,"14":0,"15":0,"16":0,"17":0,"18":0,"19":0,"20":0,"21":0,"22":0,"23":0,"24":0,"25":0,"26":0,"27":1},"f":{"0":0,"1":0,"2":0,"3":0,"4":0,"5":0,"6":0,"7":0,"8":0,"9":0},"b":{"0":[0],"1":[0],"2":[0],"3":[0],"4":[0],"5":[0,0],"6":[0,0],"7":[0,0],"8":[0,0],"9":[0,0,0,0]},"_coverageSchema":"43e27e138ebf9cfc5966b082cf9a028302ed4184","hash":"ec569e9a9d3f9767934c799bf6e43d7da7d6edcb","contentHash":"a130e6d9fbfc4cf1bd9e38b2785cb33d1d451c6dd97cf268d3c30a58b4a81e17"},"C:\\Users\\Özgür\\Source\\Repos\\xmlbuilder2\\src\\dom\\Node.ts":{"path":"C:\\Users\\Özgür\\Source\\Repos\\xmlbuilder2\\src\\dom\\Node.ts","statementMap":{"0":{"start":{"line":2,"column":0},"end":{"line":2,"column":62}},"1":{"start":{"line":3,"column":19},"end":{"line":3,"column":40}},"2":{"start":{"line":4,"column":18},"end":{"line":4,"column":38}},"3":{"start":{"line":15,"column":8},"end":{"line":15,"column":32}},"4":{"start":{"line":16,"column":8},"end":{"line":16,"column":35}},"5":{"start":{"line":17,"column":8},"end":{"line":17,"column":56}},"6":{"start":{"line":18,"column":8},"end":{"line":18,"column":44}},"7":{"start":{"line":24,"column":19},"end":{"line":24,"column":37}},"8":{"start":{"line":25,"column":8},"end":{"line":28,"column":53}},"9":{"start":{"line":26,"column":12},"end":{"line":26,"column":25}},"10":{"start":{"line":28,"column":12},"end":{"line":28,"column":53}},"11":{"start":{"line":34,"column":8},"end":{"line":34,"column":35}},"12":{"start":{"line":37,"column":8},"end":{"line":37,"column":36}},"13":{"start":{"line":47,"column":19},"end":{"line":47,"column":23}},"14":{"start":{"line":48,"column":19},"end":{"line":48,"column":34}},"15":{"start":{"line":49,"column":8},"end":{"line":51,"column":9}},"16":{"start":{"line":50,"column":12},"end":{"line":50,"column":51}},"17":{"start":{"line":52,"column":8},"end":{"line":52,"column":20}},"18":{"start":{"line":57,"column":23},"end":{"line":57,"column":47}},"19":{"start":{"line":62,"column":8},"end":{"line":65,"column":24}},"20":{"start":{"line":63,"column":12},"end":{"line":63,"column":35}},"21":{"start":{"line":65,"column":12},"end":{"line":65,"column":24}},"22":{"start":{"line":71,"column":8},"end":{"line":71,"column":50}},"23":{"start":{"line":76,"column":23},"end":{"line":76,"column":50}},"24":{"start":{"line":81,"column":8},"end":{"line":81,"column":46}},"25":{"start":{"line":87,"column":8},"end":{"line":87,"column":75}},"26":{"start":{"line":93,"column":20},"end":{"line":93,"column":53}},"27":{"start":{"line":94,"column":8},"end":{"line":94,"column":54}},"28":{"start":{"line":100,"column":20},"end":{"line":100,"column":53}},"29":{"start":{"line":101,"column":8},"end":{"line":101,"column":54}},"30":{"start":{"line":107,"column":22},"end":{"line":107,"column":34}},"31":{"start":{"line":114,"column":24},"end":{"line":114,"column":36}},"32":{"start":{"line":125,"column":19},"end":{"line":125,"column":34}},"33":{"start":{"line":126,"column":8},"end":{"line":135,"column":9}},"34":{"start":{"line":127,"column":27},"end":{"line":127,"column":43}},"35":{"start":{"line":128,"column":12},"end":{"line":133,"column":13}},"36":{"start":{"line":129,"column":27},"end":{"line":129,"column":31}},"37":{"start":{"line":130,"column":16},"end":{"line":132,"column":17}},"38":{"start":{"line":131,"column":20},"end":{"line":131,"column":43}},"39":{"start":{"line":134,"column":12},"end":{"line":134,"column":28}},"40":{"start":{"line":137,"column":8},"end":{"line":137,"column":31}},"41":{"start":{"line":138,"column":8},"end":{"line":150,"column":9}},"42":{"start":{"line":139,"column":27},"end":{"line":139,"column":43}},"43":{"start":{"line":140,"column":12},"end":{"line":149,"column":13}},"44":{"start":{"line":142,"column":27},"end":{"line":142,"column":31}},"45":{"start":{"line":143,"column":31},"end":{"line":143,"column":39}},"46":{"start":{"line":144,"column":16},"end":{"line":144,"column":47}},"47":{"start":{"line":145,"column":16},"end":{"line":145,"column":43}},"48":{"start":{"line":148,"column":16},"end":{"line":148,"column":32}},"49":{"start":{"line":152,"column":8},"end":{"line":154,"column":9}},"50":{"start":{"line":153,"column":12},"end":{"line":153,"column":30}},"51":{"start":{"line":162,"column":8},"end":{"line":173,"column":9}},"52":{"start":{"line":164,"column":12},"end":{"line":164,"column":25}},"53":{"start":{"line":167,"column":12},"end":{"line":171,"column":13}},"54":{"start":{"line":167,"column":25},"end":{"line":167,"column":26}},"55":{"start":{"line":168,"column":16},"end":{"line":170,"column":17}},"56":{"start":{"line":169,"column":20},"end":{"line":169,"column":33}},"57":{"start":{"line":172,"column":12},"end":{"line":172,"column":24}},"58":{"start":{"line":181,"column":8},"end":{"line":181,"column":31}},"59":{"start":{"line":188,"column":8},"end":{"line":189,"column":21}},"60":{"start":{"line":189,"column":12},"end":{"line":189,"column":21}},"61":{"start":{"line":190,"column":20},"end":{"line":190,"column":24}},"62":{"start":{"line":191,"column":20},"end":{"line":191,"column":24}},"63":{"start":{"line":192,"column":20},"end":{"line":192,"column":24}},"64":{"start":{"line":193,"column":20},"end":{"line":193,"column":24}},"65":{"start":{"line":194,"column":8},"end":{"line":197,"column":9}},"66":{"start":{"line":195,"column":12},"end":{"line":195,"column":26}},"67":{"start":{"line":196,"column":12},"end":{"line":196,"column":39}},"68":{"start":{"line":198,"column":8},"end":{"line":211,"column":9}},"69":{"start":{"line":199,"column":12},"end":{"line":199,"column":26}},"70":{"start":{"line":200,"column":12},"end":{"line":200,"column":39}},"71":{"start":{"line":201,"column":12},"end":{"line":210,"column":13}},"72":{"start":{"line":202,"column":16},"end":{"line":209,"column":17}},"73":{"start":{"line":203,"column":20},"end":{"line":208,"column":21}},"74":{"start":{"line":204,"column":24},"end":{"line":204,"column":76}},"75":{"start":{"line":206,"column":25},"end":{"line":208,"column":21}},"76":{"start":{"line":207,"column":24},"end":{"line":207,"column":76}},"77":{"start":{"line":212,"column":8},"end":{"line":217,"column":9}},"78":{"start":{"line":213,"column":12},"end":{"line":214,"column":31}},"79":{"start":{"line":218,"column":8},"end":{"line":221,"column":9}},"80":{"start":{"line":220,"column":12},"end":{"line":220,"column":50}},"81":{"start":{"line":222,"column":8},"end":{"line":225,"column":9}},"82":{"start":{"line":224,"column":12},"end":{"line":224,"column":53}},"83":{"start":{"line":226,"column":8},"end":{"line":227,"column":34}},"84":{"start":{"line":227,"column":12},"end":{"line":227,"column":34}},"85":{"start":{"line":228,"column":8},"end":{"line":228,"column":30}},"86":{"start":{"line":237,"column":8},"end":{"line":238,"column":25}},"87":{"start":{"line":238,"column":12},"end":{"line":238,"column":25}},"88":{"start":{"line":239,"column":8},"end":{"line":239,"column":81}},"89":{"start":{"line":248,"column":8},"end":{"line":249,"column":24}},"90":{"start":{"line":249,"column":12},"end":{"line":249,"column":24}},"91":{"start":{"line":250,"column":8},"end":{"line":251,"column":62}},"92":{"start":{"line":251,"column":12},"end":{"line":251,"column":62}},"93":{"start":{"line":252,"column":8},"end":{"line":252,"column":20}},"94":{"start":{"line":261,"column":8},"end":{"line":262,"column":26}},"95":{"start":{"line":262,"column":12},"end":{"line":262,"column":26}},"96":{"start":{"line":263,"column":8},"end":{"line":264,"column":65}},"97":{"start":{"line":264,"column":12},"end":{"line":264,"column":65}},"98":{"start":{"line":265,"column":8},"end":{"line":265,"column":20}},"99":{"start":{"line":274,"column":8},"end":{"line":275,"column":29}},"100":{"start":{"line":275,"column":12},"end":{"line":275,"column":29}},"101":{"start":{"line":276,"column":31},"end":{"line":276,"column":60}},"102":{"start":{"line":277,"column":8},"end":{"line":277,"column":46}},"103":{"start":{"line":296,"column":8},"end":{"line":318,"column":43}},"104":{"start":{"line":297,"column":35},"end":{"line":297,"column":39}},"105":{"start":{"line":298,"column":12},"end":{"line":299,"column":74}},"106":{"start":{"line":299,"column":16},"end":{"line":299,"column":74}},"107":{"start":{"line":300,"column":12},"end":{"line":300,"column":36}},"108":{"start":{"line":302,"column":13},"end":{"line":318,"column":43}},"109":{"start":{"line":304,"column":24},"end":{"line":304,"column":57}},"110":{"start":{"line":305,"column":12},"end":{"line":308,"column":44}},"111":{"start":{"line":306,"column":16},"end":{"line":306,"column":49}},"112":{"start":{"line":308,"column":16},"end":{"line":308,"column":44}},"113":{"start":{"line":310,"column":12},"end":{"line":310,"column":54}},"114":{"start":{"line":311,"column":26},"end":{"line":311,"column":55}},"115":{"start":{"line":313,"column":12},"end":{"line":313,"column":43}},"116":{"start":{"line":315,"column":12},"end":{"line":315,"column":65}},"117":{"start":{"line":318,"column":12},"end":{"line":318,"column":43}},"118":{"start":{"line":319,"column":8},"end":{"line":319,"column":24}},"119":{"start":{"line":335,"column":8},"end":{"line":351,"column":9}},"120":{"start":{"line":336,"column":35},"end":{"line":336,"column":39}},"121":{"start":{"line":337,"column":12},"end":{"line":338,"column":63}},"122":{"start":{"line":338,"column":16},"end":{"line":338,"column":63}},"123":{"start":{"line":339,"column":12},"end":{"line":339,"column":36}},"124":{"start":{"line":343,"column":24},"end":{"line":343,"column":57}},"125":{"start":{"line":344,"column":12},"end":{"line":347,"column":44}},"126":{"start":{"line":345,"column":16},"end":{"line":345,"column":49}},"127":{"start":{"line":347,"column":16},"end":{"line":347,"column":44}},"128":{"start":{"line":349,"column":12},"end":{"line":349,"column":43}},"129":{"start":{"line":350,"column":12},"end":{"line":350,"column":28}},"130":{"start":{"line":365,"column":20},"end":{"line":365,"column":53}},"131":{"start":{"line":366,"column":8},"end":{"line":369,"column":40}},"132":{"start":{"line":367,"column":12},"end":{"line":367,"column":45}},"133":{"start":{"line":369,"column":12},"end":{"line":369,"column":40}},"134":{"start":{"line":371,"column":8},"end":{"line":371,"column":50}},"135":{"start":{"line":372,"column":8},"end":{"line":373,"column":46}},"136":{"start":{"line":373,"column":12},"end":{"line":373,"column":46}},"137":{"start":{"line":374,"column":8},"end":{"line":374,"column":24}},"138":{"start":{"line":385,"column":20},"end":{"line":385,"column":53}},"139":{"start":{"line":386,"column":8},"end":{"line":387,"column":45}},"140":{"start":{"line":387,"column":12},"end":{"line":387,"column":45}},"141":{"start":{"line":388,"column":8},"end":{"line":388,"column":24}},"142":{"start":{"line":396,"column":8},"end":{"line":396,"column":37}},"143":{"start":{"line":397,"column":25},"end":{"line":397,"column":72}},"144":{"start":{"line":398,"column":8},"end":{"line":405,"column":62}},"145":{"start":{"line":399,"column":12},"end":{"line":399,"column":22}},"146":{"start":{"line":400,"column":13},"end":{"line":405,"column":62}},"147":{"start":{"line":401,"column":12},"end":{"line":401,"column":45}},"148":{"start":{"line":402,"column":13},"end":{"line":405,"column":62}},"149":{"start":{"line":403,"column":12},"end":{"line":403,"column":37}},"150":{"start":{"line":405,"column":12},"end":{"line":405,"column":62}},"151":{"start":{"line":409,"column":0},"end":{"line":409,"column":17}},"152":{"start":{"line":410,"column":0},"end":{"line":410,"column":19}},"153":{"start":{"line":411,"column":0},"end":{"line":411,"column":14}},"154":{"start":{"line":412,"column":0},"end":{"line":412,"column":15}},"155":{"start":{"line":413,"column":0},"end":{"line":413,"column":25}},"156":{"start":{"line":414,"column":0},"end":{"line":414,"column":16}},"157":{"start":{"line":415,"column":0},"end":{"line":415,"column":31}},"158":{"start":{"line":416,"column":0},"end":{"line":416,"column":17}},"159":{"start":{"line":417,"column":0},"end":{"line":417,"column":18}},"160":{"start":{"line":418,"column":0},"end":{"line":418,"column":23}},"161":{"start":{"line":419,"column":0},"end":{"line":419,"column":27}},"162":{"start":{"line":420,"column":0},"end":{"line":420,"column":19}},"163":{"start":{"line":422,"column":0},"end":{"line":422,"column":25}},"164":{"start":{"line":423,"column":0},"end":{"line":423,"column":22}},"165":{"start":{"line":424,"column":0},"end":{"line":424,"column":22}},"166":{"start":{"line":425,"column":0},"end":{"line":425,"column":21}},"167":{"start":{"line":426,"column":0},"end":{"line":426,"column":24}},"168":{"start":{"line":427,"column":0},"end":{"line":427,"column":35}},"169":{"start":{"line":429,"column":0},"end":{"line":429,"column":43}},"170":{"start":{"line":430,"column":0},"end":{"line":430,"column":50}},"171":{"start":{"line":431,"column":0},"end":{"line":431,"column":45}},"172":{"start":{"line":432,"column":0},"end":{"line":432,"column":20}}},"fnMap":{"0":{"name":"(anonymous_0)","decl":{"start":{"line":14,"column":4},"end":{"line":14,"column":5}},"loc":{"start":{"line":14,"column":38},"end":{"line":19,"column":5}},"line":14},"1":{"name":"(anonymous_1)","decl":{"start":{"line":23,"column":4},"end":{"line":23,"column":5}},"loc":{"start":{"line":23,"column":22},"end":{"line":29,"column":5}},"line":23},"2":{"name":"(anonymous_2)","decl":{"start":{"line":33,"column":4},"end":{"line":33,"column":5}},"loc":{"start":{"line":33,"column":24},"end":{"line":35,"column":5}},"line":33},"3":{"name":"(anonymous_3)","decl":{"start":{"line":36,"column":4},"end":{"line":36,"column":5}},"loc":{"start":{"line":36,"column":29},"end":{"line":38,"column":5}},"line":36},"4":{"name":"(anonymous_4)","decl":{"start":{"line":46,"column":4},"end":{"line":46,"column":5}},"loc":{"start":{"line":46,"column":47},"end":{"line":53,"column":5}},"line":46},"5":{"name":"(anonymous_5)","decl":{"start":{"line":57,"column":4},"end":{"line":57,"column":5}},"loc":{"start":{"line":57,"column":21},"end":{"line":57,"column":49}},"line":57},"6":{"name":"(anonymous_6)","decl":{"start":{"line":61,"column":4},"end":{"line":61,"column":5}},"loc":{"start":{"line":61,"column":24},"end":{"line":66,"column":5}},"line":61},"7":{"name":"(anonymous_7)","decl":{"start":{"line":70,"column":4},"end":{"line":70,"column":5}},"loc":{"start":{"line":70,"column":20},"end":{"line":72,"column":5}},"line":70},"8":{"name":"(anonymous_8)","decl":{"start":{"line":76,"column":4},"end":{"line":76,"column":5}},"loc":{"start":{"line":76,"column":21},"end":{"line":76,"column":52}},"line":76},"9":{"name":"(anonymous_9)","decl":{"start":{"line":80,"column":4},"end":{"line":80,"column":5}},"loc":{"start":{"line":80,"column":21},"end":{"line":82,"column":5}},"line":80},"10":{"name":"(anonymous_10)","decl":{"start":{"line":86,"column":4},"end":{"line":86,"column":5}},"loc":{"start":{"line":86,"column":20},"end":{"line":88,"column":5}},"line":86},"11":{"name":"(anonymous_11)","decl":{"start":{"line":92,"column":4},"end":{"line":92,"column":5}},"loc":{"start":{"line":92,"column":26},"end":{"line":95,"column":5}},"line":92},"12":{"name":"(anonymous_12)","decl":{"start":{"line":99,"column":4},"end":{"line":99,"column":5}},"loc":{"start":{"line":99,"column":22},"end":{"line":102,"column":5}},"line":99},"13":{"name":"(anonymous_13)","decl":{"start":{"line":107,"column":4},"end":{"line":107,"column":5}},"loc":{"start":{"line":107,"column":20},"end":{"line":107,"column":36}},"line":107},"14":{"name":"(anonymous_14)","decl":{"start":{"line":108,"column":4},"end":{"line":108,"column":5}},"loc":{"start":{"line":108,"column":25},"end":{"line":108,"column":28}},"line":108},"15":{"name":"(anonymous_15)","decl":{"start":{"line":114,"column":4},"end":{"line":114,"column":5}},"loc":{"start":{"line":114,"column":22},"end":{"line":114,"column":38}},"line":114},"16":{"name":"(anonymous_16)","decl":{"start":{"line":115,"column":4},"end":{"line":115,"column":5}},"loc":{"start":{"line":115,"column":27},"end":{"line":115,"column":30}},"line":115},"17":{"name":"(anonymous_17)","decl":{"start":{"line":123,"column":4},"end":{"line":123,"column":5}},"loc":{"start":{"line":123,"column":16},"end":{"line":155,"column":5}},"line":123},"18":{"name":"(anonymous_18)","decl":{"start":{"line":161,"column":4},"end":{"line":161,"column":5}},"loc":{"start":{"line":161,"column":22},"end":{"line":174,"column":5}},"line":161},"19":{"name":"(anonymous_19)","decl":{"start":{"line":180,"column":4},"end":{"line":180,"column":5}},"loc":{"start":{"line":180,"column":21},"end":{"line":182,"column":5}},"line":180},"20":{"name":"(anonymous_20)","decl":{"start":{"line":187,"column":4},"end":{"line":187,"column":5}},"loc":{"start":{"line":187,"column":34},"end":{"line":229,"column":5}},"line":187},"21":{"name":"(anonymous_21)","decl":{"start":{"line":236,"column":4},"end":{"line":236,"column":5}},"loc":{"start":{"line":236,"column":19},"end":{"line":240,"column":5}},"line":236},"22":{"name":"(anonymous_22)","decl":{"start":{"line":247,"column":4},"end":{"line":247,"column":5}},"loc":{"start":{"line":247,"column":28},"end":{"line":253,"column":5}},"line":247},"23":{"name":"(anonymous_23)","decl":{"start":{"line":260,"column":4},"end":{"line":260,"column":5}},"loc":{"start":{"line":260,"column":31},"end":{"line":266,"column":5}},"line":260},"24":{"name":"(anonymous_24)","decl":{"start":{"line":273,"column":4},"end":{"line":273,"column":5}},"loc":{"start":{"line":273,"column":34},"end":{"line":278,"column":5}},"line":273},"25":{"name":"(anonymous_25)","decl":{"start":{"line":295,"column":4},"end":{"line":295,"column":5}},"loc":{"start":{"line":295,"column":37},"end":{"line":320,"column":5}},"line":295},"26":{"name":"(anonymous_26)","decl":{"start":{"line":334,"column":4},"end":{"line":334,"column":5}},"loc":{"start":{"line":334,"column":26},"end":{"line":352,"column":5}},"line":334},"27":{"name":"(anonymous_27)","decl":{"start":{"line":363,"column":4},"end":{"line":363,"column":5}},"loc":{"start":{"line":363,"column":37},"end":{"line":375,"column":5}},"line":363},"28":{"name":"(anonymous_28)","decl":{"start":{"line":384,"column":4},"end":{"line":384,"column":5}},"loc":{"start":{"line":384,"column":26},"end":{"line":389,"column":5}},"line":384},"29":{"name":"(anonymous_29)","decl":{"start":{"line":395,"column":4},"end":{"line":395,"column":5}},"loc":{"start":{"line":395,"column":20},"end":{"line":406,"column":5}},"line":395}},"branchMap":{"0":{"loc":{"start":{"line":14,"column":16},"end":{"line":14,"column":36}},"type":"default-arg","locations":[{"start":{"line":14,"column":32},"end":{"line":14,"column":36}}],"line":14},"1":{"loc":{"start":{"line":25,"column":8},"end":{"line":28,"column":53}},"type":"if","locations":[{"start":{"line":25,"column":8},"end":{"line":28,"column":53}},{"start":{"line":25,"column":8},"end":{"line":28,"column":53}}],"line":25},"2":{"loc":{"start":{"line":46,"column":16},"end":{"line":46,"column":45}},"type":"default-arg","locations":[{"start":{"line":46,"column":26},"end":{"line":46,"column":45}}],"line":46},"3":{"loc":{"start":{"line":62,"column":8},"end":{"line":65,"column":24}},"type":"if","locations":[{"start":{"line":62,"column":8},"end":{"line":65,"column":24}},{"start":{"line":62,"column":8},"end":{"line":65,"column":24}}],"line":62},"4":{"loc":{"start":{"line":62,"column":12},"end":{"line":62,"column":72}},"type":"binary-expr","locations":[{"start":{"line":62,"column":12},"end":{"line":62,"column":27}},{"start":{"line":62,"column":31},"end":{"line":62,"column":72}}],"line":62},"5":{"loc":{"start":{"line":81,"column":15},"end":{"line":81,"column":45}},"type":"binary-expr","locations":[{"start":{"line":81,"column":15},"end":{"line":81,"column":37}},{"start":{"line":81,"column":41},"end":{"line":81,"column":45}}],"line":81},"6":{"loc":{"start":{"line":87,"column":15},"end":{"line":87,"column":74}},"type":"binary-expr","locations":[{"start":{"line":87,"column":15},"end":{"line":87,"column":66}},{"start":{"line":87,"column":70},"end":{"line":87,"column":74}}],"line":87},"7":{"loc":{"start":{"line":94,"column":15},"end":{"line":94,"column":53}},"type":"binary-expr","locations":[{"start":{"line":94,"column":15},"end":{"line":94,"column":45}},{"start":{"line":94,"column":49},"end":{"line":94,"column":53}}],"line":94},"8":{"loc":{"start":{"line":101,"column":15},"end":{"line":101,"column":53}},"type":"binary-expr","locations":[{"start":{"line":101,"column":15},"end":{"line":101,"column":45}},{"start":{"line":101,"column":49},"end":{"line":101,"column":53}}],"line":101},"9":{"loc":{"start":{"line":128,"column":12},"end":{"line":133,"column":13}},"type":"if","locations":[{"start":{"line":128,"column":12},"end":{"line":133,"column":13}},{"start":{"line":128,"column":12},"end":{"line":133,"column":13}}],"line":128},"10":{"loc":{"start":{"line":130,"column":16},"end":{"line":132,"column":17}},"type":"if","locations":[{"start":{"line":130,"column":16},"end":{"line":132,"column":17}},{"start":{"line":130,"column":16},"end":{"line":132,"column":17}}],"line":130},"11":{"loc":{"start":{"line":140,"column":12},"end":{"line":149,"column":13}},"type":"if","locations":[{"start":{"line":140,"column":12},"end":{"line":149,"column":13}},{"start":{"line":140,"column":12},"end":{"line":149,"column":13}}],"line":140},"12":{"loc":{"start":{"line":140,"column":16},"end":{"line":141,"column":59}},"type":"binary-expr","locations":[{"start":{"line":140,"column":16},"end":{"line":140,"column":43}},{"start":{"line":141,"column":16},"end":{"line":141,"column":24}},{"start":{"line":141,"column":28},"end":{"line":141,"column":59}}],"line":140},"13":{"loc":{"start":{"line":162,"column":8},"end":{"line":173,"column":9}},"type":"if","locations":[{"start":{"line":162,"column":8},"end":{"line":173,"column":9}},{"start":{"line":162,"column":8},"end":{"line":173,"column":9}}],"line":162},"14":{"loc":{"start":{"line":162,"column":12},"end":{"line":163,"column":61}},"type":"binary-expr","locations":[{"start":{"line":162,"column":12},"end":{"line":162,"column":17}},{"start":{"line":162,"column":21},"end":{"line":162,"column":52}},{"start":{"line":163,"column":12},"end":{"line":163,"column":61}}],"line":162},"15":{"loc":{"start":{"line":168,"column":16},"end":{"line":170,"column":17}},"type":"if","locations":[{"start":{"line":168,"column":16},"end":{"line":170,"column":17}},{"start":{"line":168,"column":16},"end":{"line":170,"column":17}}],"line":168},"16":{"loc":{"start":{"line":188,"column":8},"end":{"line":189,"column":21}},"type":"if","locations":[{"start":{"line":188,"column":8},"end":{"line":189,"column":21}},{"start":{"line":188,"column":8},"end":{"line":189,"column":21}}],"line":188},"17":{"loc":{"start":{"line":194,"column":8},"end":{"line":197,"column":9}},"type":"if","locations":[{"start":{"line":194,"column":8},"end":{"line":197,"column":9}},{"start":{"line":194,"column":8},"end":{"line":197,"column":9}}],"line":194},"18":{"loc":{"start":{"line":198,"column":8},"end":{"line":211,"column":9}},"type":"if","locations":[{"start":{"line":198,"column":8},"end":{"line":211,"column":9}},{"start":{"line":198,"column":8},"end":{"line":211,"column":9}}],"line":198},"19":{"loc":{"start":{"line":201,"column":12},"end":{"line":210,"column":13}},"type":"if","locations":[{"start":{"line":201,"column":12},"end":{"line":210,"column":13}},{"start":{"line":201,"column":12},"end":{"line":210,"column":13}}],"line":201},"20":{"loc":{"start":{"line":201,"column":16},"end":{"line":201,"column":51}},"type":"binary-expr","locations":[{"start":{"line":201,"column":16},"end":{"line":201,"column":21}},{"start":{"line":201,"column":25},"end":{"line":201,"column":30}},{"start":{"line":201,"column":35},"end":{"line":201,"column":50}}],"line":201},"21":{"loc":{"start":{"line":203,"column":20},"end":{"line":208,"column":21}},"type":"if","locations":[{"start":{"line":203,"column":20},"end":{"line":208,"column":21}},{"start":{"line":203,"column":20},"end":{"line":208,"column":21}}],"line":203},"22":{"loc":{"start":{"line":206,"column":25},"end":{"line":208,"column":21}},"type":"if","locations":[{"start":{"line":206,"column":25},"end":{"line":208,"column":21}},{"start":{"line":206,"column":25},"end":{"line":208,"column":21}}],"line":206},"23":{"loc":{"start":{"line":212,"column":8},"end":{"line":217,"column":9}},"type":"if","locations":[{"start":{"line":212,"column":8},"end":{"line":217,"column":9}},{"start":{"line":212,"column":8},"end":{"line":217,"column":9}}],"line":212},"24":{"loc":{"start":{"line":212,"column":12},"end":{"line":212,"column":72}},"type":"binary-expr","locations":[{"start":{"line":212,"column":12},"end":{"line":212,"column":18}},{"start":{"line":212,"column":22},"end":{"line":212,"column":28}},{"start":{"line":212,"column":33},"end":{"line":212,"column":71}}],"line":212},"25":{"loc":{"start":{"line":218,"column":8},"end":{"line":221,"column":9}},"type":"if","locations":[{"start":{"line":218,"column":8},"end":{"line":221,"column":9}},{"start":{"line":218,"column":8},"end":{"line":221,"column":9}}],"line":218},"26":{"loc":{"start":{"line":218,"column":12},"end":{"line":219,"column":40}},"type":"binary-expr","locations":[{"start":{"line":218,"column":13},"end":{"line":218,"column":19}},{"start":{"line":218,"column":23},"end":{"line":218,"column":67}},{"start":{"line":219,"column":13},"end":{"line":219,"column":18}},{"start":{"line":219,"column":23},"end":{"line":219,"column":38}}],"line":218},"27":{"loc":{"start":{"line":222,"column":8},"end":{"line":225,"column":9}},"type":"if","locations":[{"start":{"line":222,"column":8},"end":{"line":225,"column":9}},{"start":{"line":222,"column":8},"end":{"line":225,"column":9}}],"line":222},"28":{"loc":{"start":{"line":222,"column":12},"end":{"line":223,"column":40}},"type":"binary-expr","locations":[{"start":{"line":222,"column":13},"end":{"line":222,"column":19}},{"start":{"line":222,"column":23},"end":{"line":222,"column":69}},{"start":{"line":223,"column":13},"end":{"line":223,"column":18}},{"start":{"line":223,"column":23},"end":{"line":223,"column":38}}],"line":222},"29":{"loc":{"start":{"line":226,"column":8},"end":{"line":227,"column":34}},"type":"if","locations":[{"start":{"line":226,"column":8},"end":{"line":227,"column":34}},{"start":{"line":226,"column":8},"end":{"line":227,"column":34}}],"line":226},"30":{"loc":{"start":{"line":237,"column":8},"end":{"line":238,"column":25}},"type":"if","locations":[{"start":{"line":237,"column":8},"end":{"line":238,"column":25}},{"start":{"line":237,"column":8},"end":{"line":238,"column":25}}],"line":237},"31":{"loc":{"start":{"line":239,"column":16},"end":{"line":239,"column":79}},"type":"binary-expr","locations":[{"start":{"line":239,"column":17},"end":{"line":239,"column":30}},{"start":{"line":239,"column":35},"end":{"line":239,"column":79}}],"line":239},"32":{"loc":{"start":{"line":248,"column":8},"end":{"line":249,"column":24}},"type":"if","locations":[{"start":{"line":248,"column":8},"end":{"line":249,"column":24}},{"start":{"line":248,"column":8},"end":{"line":249,"column":24}}],"line":248},"33":{"loc":{"start":{"line":250,"column":8},"end":{"line":251,"column":62}},"type":"if","locations":[{"start":{"line":250,"column":8},"end":{"line":251,"column":62}},{"start":{"line":250,"column":8},"end":{"line":251,"column":62}}],"line":250},"34":{"loc":{"start":{"line":261,"column":8},"end":{"line":262,"column":26}},"type":"if","locations":[{"start":{"line":261,"column":8},"end":{"line":262,"column":26}},{"start":{"line":261,"column":8},"end":{"line":262,"column":26}}],"line":261},"35":{"loc":{"start":{"line":263,"column":8},"end":{"line":264,"column":65}},"type":"if","locations":[{"start":{"line":263,"column":8},"end":{"line":264,"column":65}},{"start":{"line":263,"column":8},"end":{"line":264,"column":65}}],"line":263},"36":{"loc":{"start":{"line":274,"column":8},"end":{"line":275,"column":29}},"type":"if","locations":[{"start":{"line":274,"column":8},"end":{"line":275,"column":29}},{"start":{"line":274,"column":8},"end":{"line":275,"column":29}}],"line":274},"37":{"loc":{"start":{"line":296,"column":8},"end":{"line":318,"column":43}},"type":"if","locations":[{"start":{"line":296,"column":8},"end":{"line":318,"column":43}},{"start":{"line":296,"column":8},"end":{"line":318,"column":43}}],"line":296},"38":{"loc":{"start":{"line":302,"column":13},"end":{"line":318,"column":43}},"type":"if","locations":[{"start":{"line":302,"column":13},"end":{"line":318,"column":43}},{"start":{"line":302,"column":13},"end":{"line":318,"column":43}}],"line":302},"39":{"loc":{"start":{"line":305,"column":12},"end":{"line":308,"column":44}},"type":"if","locations":[{"start":{"line":305,"column":12},"end":{"line":308,"column":44}},{"start":{"line":305,"column":12},"end":{"line":308,"column":44}}],"line":305},"40":{"loc":{"start":{"line":335,"column":8},"end":{"line":351,"column":9}},"type":"if","locations":[{"start":{"line":335,"column":8},"end":{"line":351,"column":9}},{"start":{"line":335,"column":8},"end":{"line":351,"column":9}}],"line":335},"41":{"loc":{"start":{"line":344,"column":12},"end":{"line":347,"column":44}},"type":"if","locations":[{"start":{"line":344,"column":12},"end":{"line":347,"column":44}},{"start":{"line":344,"column":12},"end":{"line":347,"column":44}}],"line":344},"42":{"loc":{"start":{"line":366,"column":8},"end":{"line":369,"column":40}},"type":"if","locations":[{"start":{"line":366,"column":8},"end":{"line":369,"column":40}},{"start":{"line":366,"column":8},"end":{"line":369,"column":40}}],"line":366},"43":{"loc":{"start":{"line":372,"column":8},"end":{"line":373,"column":46}},"type":"if","locations":[{"start":{"line":372,"column":8},"end":{"line":373,"column":46}},{"start":{"line":372,"column":8},"end":{"line":373,"column":46}}],"line":372},"44":{"loc":{"start":{"line":386,"column":8},"end":{"line":387,"column":45}},"type":"if","locations":[{"start":{"line":386,"column":8},"end":{"line":387,"column":45}},{"start":{"line":386,"column":8},"end":{"line":387,"column":45}}],"line":386},"45":{"loc":{"start":{"line":396,"column":15},"end":{"line":396,"column":36}},"type":"binary-expr","locations":[{"start":{"line":396,"column":15},"end":{"line":396,"column":19}},{"start":{"line":396,"column":23},"end":{"line":396,"column":36}}],"line":396},"46":{"loc":{"start":{"line":397,"column":25},"end":{"line":397,"column":72}},"type":"cond-expr","locations":[{"start":{"line":397,"column":43},"end":{"line":397,"column":67}},{"start":{"line":397,"column":70},"end":{"line":397,"column":72}}],"line":397},"47":{"loc":{"start":{"line":398,"column":8},"end":{"line":405,"column":62}},"type":"if","locations":[{"start":{"line":398,"column":8},"end":{"line":405,"column":62}},{"start":{"line":398,"column":8},"end":{"line":405,"column":62}}],"line":398},"48":{"loc":{"start":{"line":398,"column":12},"end":{"line":398,"column":32}},"type":"binary-expr","locations":[{"start":{"line":398,"column":12},"end":{"line":398,"column":17}},{"start":{"line":398,"column":21},"end":{"line":398,"column":32}}],"line":398},"49":{"loc":{"start":{"line":400,"column":13},"end":{"line":405,"column":62}},"type":"if","locations":[{"start":{"line":400,"column":13},"end":{"line":405,"column":62}},{"start":{"line":400,"column":13},"end":{"line":405,"column":62}}],"line":400},"50":{"loc":{"start":{"line":402,"column":13},"end":{"line":405,"column":62}},"type":"if","locations":[{"start":{"line":402,"column":13},"end":{"line":405,"column":62}},{"start":{"line":402,"column":13},"end":{"line":405,"column":62}}],"line":402}},"s":{"0":1,"1":1,"2":1,"3":1,"4":1,"5":1,"6":1,"7":0,"8":0,"9":0,"10":0,"11":0,"12":0,"13":0,"14":0,"15":0,"16":0,"17":0,"18":0,"19":0,"20":0,"21":0,"22":0,"23":0,"24":0,"25":0,"26":0,"27":0,"28":0,"29":0,"30":0,"31":0,"32":0,"33":0,"34":0,"35":0,"36":0,"37":0,"38":0,"39":0,"40":0,"41":0,"42":0,"43":0,"44":0,"45":0,"46":0,"47":0,"48":0,"49":0,"50":0,"51":0,"52":0,"53":0,"54":0,"55":0,"56":0,"57":0,"58":0,"59":0,"60":0,"61":0,"62":0,"63":0,"64":0,"65":0,"66":0,"67":0,"68":0,"69":0,"70":0,"71":0,"72":0,"73":0,"74":0,"75":0,"76":0,"77":0,"78":0,"79":0,"80":0,"81":0,"82":0,"83":0,"84":0,"85":0,"86":0,"87":0,"88":0,"89":0,"90":0,"91":0,"92":0,"93":0,"94":0,"95":0,"96":0,"97":0,"98":0,"99":0,"100":0,"101":0,"102":0,"103":0,"104":0,"105":0,"106":0,"107":0,"108":0,"109":0,"110":0,"111":0,"112":0,"113":0,"114":0,"115":0,"116":0,"117":0,"118":0,"119":0,"120":0,"121":0,"122":0,"123":0,"124":0,"125":0,"126":0,"127":0,"128":0,"129":0,"130":0,"131":0,"132":0,"133":0,"134":0,"135":0,"136":0,"137":0,"138":0,"139":0,"140":0,"141":0,"142":0,"143":0,"144":0,"145":0,"146":0,"147":0,"148":0,"149":0,"150":0,"151":1,"152":1,"153":1,"154":1,"155":1,"156":1,"157":1,"158":1,"159":1,"160":1,"161":1,"162":1,"163":1,"164":1,"165":1,"166":1,"167":1,"168":1,"169":1,"170":1,"171":1,"172":1},"f":{"0":1,"1":0,"2":0,"3":0,"4":0,"5":0,"6":0,"7":0,"8":0,"9":0,"10":0,"11":0,"12":0,"13":0,"14":0,"15":0,"16":0,"17":0,"18":0,"19":0,"20":0,"21":0,"22":0,"23":0,"24":0,"25":0,"26":0,"27":0,"28":0,"29":0},"b":{"0":[0],"1":[0,0],"2":[0],"3":[0,0],"4":[0,0],"5":[0,0],"6":[0,0],"7":[0,0],"8":[0,0],"9":[0,0],"10":[0,0],"11":[0,0],"12":[0,0,0],"13":[0,0],"14":[0,0,0],"15":[0,0],"16":[0,0],"17":[0,0],"18":[0,0],"19":[0,0],"20":[0,0,0],"21":[0,0],"22":[0,0],"23":[0,0],"24":[0,0,0],"25":[0,0],"26":[0,0,0,0],"27":[0,0],"28":[0,0,0,0],"29":[0,0],"30":[0,0],"31":[0,0],"32":[0,0],"33":[0,0],"34":[0,0],"35":[0,0],"36":[0,0],"37":[0,0],"38":[0,0],"39":[0,0],"40":[0,0],"41":[0,0],"42":[0,0],"43":[0,0],"44":[0,0],"45":[0,0],"46":[0,0],"47":[0,0],"48":[0,0],"49":[0,0],"50":[0,0]},"_coverageSchema":"43e27e138ebf9cfc5966b082cf9a028302ed4184","hash":"eca71eb3516c2ec4f63846e0b8f27d82ae6cbac3","contentHash":"9255c16ff97b616ae37bba2b34424abbf841f792d0e7bb7e536af85a7fa1862c"},"C:\\Users\\Özgür\\Source\\Repos\\xmlbuilder2\\src\\dom\\NodeList.ts":{"path":"C:\\Users\\Özgür\\Source\\Repos\\xmlbuilder2\\src\\dom\\NodeList.ts","statementMap":{"0":{"start":{"line":2,"column":0},"end":{"line":2,"column":62}},"1":{"start":{"line":13,"column":18},"end":{"line":13,"column":45}},"2":{"start":{"line":15,"column":0},"end":{"line":15,"column":28}}},"fnMap":{"0":{"name":"(anonymous_0)","decl":{"start":{"line":13,"column":4},"end":{"line":13,"column":5}},"loc":{"start":{"line":13,"column":16},"end":{"line":13,"column":47}},"line":13}},"branchMap":{"0":{"loc":{"start":{"line":13,"column":25},"end":{"line":13,"column":44}},"type":"binary-expr","locations":[{"start":{"line":13,"column":25},"end":{"line":13,"column":36}},{"start":{"line":13,"column":40},"end":{"line":13,"column":44}}],"line":13}},"s":{"0":1,"1":0,"2":1},"f":{"0":0},"b":{"0":[0,0]},"_coverageSchema":"43e27e138ebf9cfc5966b082cf9a028302ed4184","hash":"16b555e1b169c9d303e8bd2b55558351826b5ffe","contentHash":"04f26de44b2cc0c83786a7ff7d4b9b3401cbc66f3b9e8c770272e7501ea14b25"},"C:\\Users\\Özgür\\Source\\Repos\\xmlbuilder2\\src\\dom\\Utility.ts":{"path":"C:\\Users\\Özgür\\Source\\Repos\\xmlbuilder2\\src\\dom\\Utility.ts","statementMap":{"0":{"start":{"line":2,"column":0},"end":{"line":2,"column":62}},"1":{"start":{"line":17,"column":8},"end":{"line":27,"column":9}},"2":{"start":{"line":18,"column":22},"end":{"line":18,"column":33}},"3":{"start":{"line":19,"column":12},"end":{"line":26,"column":13}},"4":{"start":{"line":20,"column":16},"end":{"line":20,"column":27}},"5":{"start":{"line":23,"column":26},"end":{"line":23,"column":64}},"6":{"start":{"line":24,"column":16},"end":{"line":25,"column":31}},"7":{"start":{"line":25,"column":20},"end":{"line":25,"column":31}},"8":{"start":{"line":36,"column":8},"end":{"line":41,"column":9}},"9":{"start":{"line":37,"column":12},"end":{"line":38,"column":28}},"10":{"start":{"line":38,"column":16},"end":{"line":38,"column":28}},"11":{"start":{"line":39,"column":12},"end":{"line":40,"column":28}},"12":{"start":{"line":40,"column":16},"end":{"line":40,"column":28}},"13":{"start":{"line":42,"column":8},"end":{"line":42,"column":21}},"14":{"start":{"line":51,"column":8},"end":{"line":51,"column":51}},"15":{"start":{"line":62,"column":8},"end":{"line":63,"column":22}},"16":{"start":{"line":63,"column":12},"end":{"line":63,"column":22}},"17":{"start":{"line":64,"column":18},"end":{"line":64,"column":19}},"18":{"start":{"line":65,"column":20},"end":{"line":65,"column":25}},"19":{"start":{"line":66,"column":8},"end":{"line":70,"column":11}},"20":{"start":{"line":67,"column":12},"end":{"line":67,"column":18}},"21":{"start":{"line":68,"column":12},"end":{"line":69,"column":29}},"22":{"start":{"line":69,"column":16},"end":{"line":69,"column":29}},"23":{"start":{"line":71,"column":8},"end":{"line":74,"column":22}},"24":{"start":{"line":72,"column":12},"end":{"line":72,"column":23}},"25":{"start":{"line":74,"column":12},"end":{"line":74,"column":22}},"26":{"start":{"line":85,"column":22},"end":{"line":85,"column":68}},"27":{"start":{"line":86,"column":23},"end":{"line":86,"column":71}},"28":{"start":{"line":87,"column":8},"end":{"line":90,"column":38}},"29":{"start":{"line":88,"column":12},"end":{"line":88,"column":25}},"30":{"start":{"line":90,"column":12},"end":{"line":90,"column":38}},"31":{"start":{"line":101,"column":22},"end":{"line":101,"column":68}},"32":{"start":{"line":102,"column":23},"end":{"line":102,"column":71}},"33":{"start":{"line":103,"column":8},"end":{"line":106,"column":38}},"34":{"start":{"line":104,"column":12},"end":{"line":104,"column":25}},"35":{"start":{"line":106,"column":12},"end":{"line":106,"column":38}},"36":{"start":{"line":109,"column":0},"end":{"line":109,"column":26}}},"fnMap":{"0":{"name":"(anonymous_0)","decl":{"start":{"line":16,"column":4},"end":{"line":16,"column":5}},"loc":{"start":{"line":16,"column":41},"end":{"line":28,"column":5}},"line":16},"1":{"name":"(anonymous_1)","decl":{"start":{"line":35,"column":4},"end":{"line":35,"column":5}},"loc":{"start":{"line":35,"column":39},"end":{"line":43,"column":5}},"line":35},"2":{"name":"(anonymous_2)","decl":{"start":{"line":50,"column":4},"end":{"line":50,"column":5}},"loc":{"start":{"line":50,"column":37},"end":{"line":52,"column":5}},"line":50},"3":{"name":"(anonymous_3)","decl":{"start":{"line":61,"column":4},"end":{"line":61,"column":5}},"loc":{"start":{"line":61,"column":36},"end":{"line":75,"column":5}},"line":61},"4":{"name":"(anonymous_4)","decl":{"start":{"line":66,"column":40},"end":{"line":66,"column":41}},"loc":{"start":{"line":66,"column":61},"end":{"line":70,"column":9}},"line":66},"5":{"name":"(anonymous_5)","decl":{"start":{"line":84,"column":4},"end":{"line":84,"column":5}},"loc":{"start":{"line":84,"column":36},"end":{"line":91,"column":5}},"line":84},"6":{"name":"(anonymous_6)","decl":{"start":{"line":100,"column":4},"end":{"line":100,"column":5}},"loc":{"start":{"line":100,"column":36},"end":{"line":107,"column":5}},"line":100}},"branchMap":{"0":{"loc":{"start":{"line":19,"column":12},"end":{"line":26,"column":13}},"type":"if","locations":[{"start":{"line":19,"column":12},"end":{"line":26,"column":13}},{"start":{"line":19,"column":12},"end":{"line":26,"column":13}}],"line":19},"1":{"loc":{"start":{"line":24,"column":16},"end":{"line":25,"column":31}},"type":"if","locations":[{"start":{"line":24,"column":16},"end":{"line":25,"column":31}},{"start":{"line":24,"column":16},"end":{"line":25,"column":31}}],"line":24},"2":{"loc":{"start":{"line":37,"column":12},"end":{"line":38,"column":28}},"type":"if","locations":[{"start":{"line":37,"column":12},"end":{"line":38,"column":28}},{"start":{"line":37,"column":12},"end":{"line":38,"column":28}}],"line":37},"3":{"loc":{"start":{"line":39,"column":12},"end":{"line":40,"column":28}},"type":"if","locations":[{"start":{"line":39,"column":12},"end":{"line":40,"column":28}},{"start":{"line":39,"column":12},"end":{"line":40,"column":28}}],"line":39},"4":{"loc":{"start":{"line":62,"column":8},"end":{"line":63,"column":22}},"type":"if","locations":[{"start":{"line":62,"column":8},"end":{"line":63,"column":22}},{"start":{"line":62,"column":8},"end":{"line":63,"column":22}}],"line":62},"5":{"loc":{"start":{"line":68,"column":12},"end":{"line":69,"column":29}},"type":"if","locations":[{"start":{"line":68,"column":12},"end":{"line":69,"column":29}},{"start":{"line":68,"column":12},"end":{"line":69,"column":29}}],"line":68},"6":{"loc":{"start":{"line":68,"column":16},"end":{"line":68,"column":46}},"type":"binary-expr","locations":[{"start":{"line":68,"column":16},"end":{"line":68,"column":22}},{"start":{"line":68,"column":27},"end":{"line":68,"column":45}}],"line":68},"7":{"loc":{"start":{"line":71,"column":8},"end":{"line":74,"column":22}},"type":"if","locations":[{"start":{"line":71,"column":8},"end":{"line":74,"column":22}},{"start":{"line":71,"column":8},"end":{"line":74,"column":22}}],"line":71},"8":{"loc":{"start":{"line":87,"column":8},"end":{"line":90,"column":38}},"type":"if","locations":[{"start":{"line":87,"column":8},"end":{"line":90,"column":38}},{"start":{"line":87,"column":8},"end":{"line":90,"column":38}}],"line":87},"9":{"loc":{"start":{"line":87,"column":12},"end":{"line":87,"column":45}},"type":"binary-expr","locations":[{"start":{"line":87,"column":12},"end":{"line":87,"column":26}},{"start":{"line":87,"column":30},"end":{"line":87,"column":45}}],"line":87},"10":{"loc":{"start":{"line":103,"column":8},"end":{"line":106,"column":38}},"type":"if","locations":[{"start":{"line":103,"column":8},"end":{"line":106,"column":38}},{"start":{"line":103,"column":8},"end":{"line":106,"column":38}}],"line":103},"11":{"loc":{"start":{"line":103,"column":12},"end":{"line":103,"column":45}},"type":"binary-expr","locations":[{"start":{"line":103,"column":12},"end":{"line":103,"column":26}},{"start":{"line":103,"column":30},"end":{"line":103,"column":45}}],"line":103}},"s":{"0":1,"1":0,"2":0,"3":0,"4":0,"5":0,"6":0,"7":0,"8":0,"9":0,"10":0,"11":0,"12":0,"13":0,"14":0,"15":0,"16":0,"17":0,"18":0,"19":0,"20":0,"21":0,"22":0,"23":0,"24":0,"25":0,"26":0,"27":0,"28":0,"29":0,"30":0,"31":0,"32":0,"33":0,"34":0,"35":0,"36":1},"f":{"0":0,"1":0,"2":0,"3":0,"4":0,"5":0,"6":0},"b":{"0":[0,0],"1":[0,0],"2":[0,0],"3":[0,0],"4":[0,0],"5":[0,0],"6":[0,0],"7":[0,0],"8":[0,0],"9":[0,0],"10":[0,0],"11":[0,0]},"_coverageSchema":"43e27e138ebf9cfc5966b082cf9a028302ed4184","hash":"105216b16dc039741b474fc17e4b29f2d8a49405","contentHash":"2dc42a34605e5be51bbd454cd4e436b19e3a8f4104ae7ebdb6b0f64092c52592"},"C:\\Users\\Özgür\\Source\\Repos\\xmlbuilder2\\src\\dom\\DOMException.ts":{"path":"C:\\Users\\Özgür\\Source\\Repos\\xmlbuilder2\\src\\dom\\DOMException.ts","statementMap":{"0":{"start":{"line":2,"column":0},"end":{"line":2,"column":62}},"1":{"start":{"line":14,"column":8},"end":{"line":14,"column":23}},"2":{"start":{"line":15,"column":8},"end":{"line":15,"column":25}},"3":{"start":{"line":18,"column":0},"end":{"line":18,"column":107}},"4":{"start":{"line":19,"column":0},"end":{"line":19,"column":77}},"5":{"start":{"line":20,"column":0},"end":{"line":20,"column":132}},"6":{"start":{"line":21,"column":0},"end":{"line":21,"column":113}},"7":{"start":{"line":22,"column":0},"end":{"line":22,"column":122}},"8":{"start":{"line":23,"column":0},"end":{"line":23,"column":77}},"9":{"start":{"line":24,"column":0},"end":{"line":24,"column":124}},"10":{"start":{"line":25,"column":0},"end":{"line":25,"column":100}},"11":{"start":{"line":26,"column":0},"end":{"line":26,"column":106}},"12":{"start":{"line":27,"column":0},"end":{"line":27,"column":79}},"13":{"start":{"line":28,"column":0},"end":{"line":28,"column":109}},"14":{"start":{"line":29,"column":0},"end":{"line":29,"column":109}},"15":{"start":{"line":30,"column":0},"end":{"line":30,"column":132}},"16":{"start":{"line":31,"column":0},"end":{"line":31,"column":127}},"17":{"start":{"line":32,"column":0},"end":{"line":32,"column":131}},"18":{"start":{"line":33,"column":0},"end":{"line":33,"column":71}},"19":{"start":{"line":34,"column":0},"end":{"line":34,"column":75}},"20":{"start":{"line":35,"column":0},"end":{"line":35,"column":93}},"21":{"start":{"line":36,"column":0},"end":{"line":36,"column":90}},"22":{"start":{"line":37,"column":0},"end":{"line":37,"column":87}},"23":{"start":{"line":38,"column":0},"end":{"line":38,"column":114}},"24":{"start":{"line":39,"column":0},"end":{"line":39,"column":105}},"25":{"start":{"line":40,"column":0},"end":{"line":40,"column":89}},"26":{"start":{"line":41,"column":0},"end":{"line":41,"column":160}},"27":{"start":{"line":42,"column":0},"end":{"line":42,"column":98}},"28":{"start":{"line":43,"column":0},"end":{"line":43,"column":128}},"29":{"start":{"line":44,"column":0},"end":{"line":44,"column":36}}},"fnMap":{"0":{"name":"(anonymous_0)","decl":{"start":{"line":13,"column":4},"end":{"line":13,"column":5}},"loc":{"start":{"line":13,"column":31},"end":{"line":16,"column":5}},"line":13}},"branchMap":{},"s":{"0":1,"1":26,"2":26,"3":1,"4":1,"5":1,"6":1,"7":1,"8":1,"9":1,"10":1,"11":1,"12":1,"13":1,"14":1,"15":1,"16":1,"17":1,"18":1,"19":1,"20":1,"21":1,"22":1,"23":1,"24":1,"25":1,"26":1,"27":1,"28":1,"29":1},"f":{"0":26},"b":{},"_coverageSchema":"43e27e138ebf9cfc5966b082cf9a028302ed4184","hash":"2cf59708d18dca2ce111f5799b85a1a620f18746","contentHash":"50b2b615df7eb1d4b901c8b8ea6943e37f950bbbf94eb21d36a65d9d0653a03b"},"C:\\Users\\Özgür\\Source\\Repos\\xmlbuilder2\\src\\dom\\Document.ts":{"path":"C:\\Users\\Özgür\\Source\\Repos\\xmlbuilder2\\src\\dom\\Document.ts","statementMap":{"0":{"start":{"line":2,"column":0},"end":{"line":2,"column":62}},"1":{"start":{"line":3,"column":15},"end":{"line":3,"column":32}},"2":{"start":{"line":4,"column":18},"end":{"line":4,"column":38}},"3":{"start":{"line":5,"column":28},"end":{"line":5,"column":58}},"4":{"start":{"line":6,"column":23},"end":{"line":6,"column":48}},"5":{"start":{"line":7,"column":25},"end":{"line":7,"column":52}},"6":{"start":{"line":8,"column":18},"end":{"line":8,"column":38}},"7":{"start":{"line":9,"column":18},"end":{"line":9,"column":38}},"8":{"start":{"line":10,"column":27},"end":{"line":10,"column":56}},"9":{"start":{"line":11,"column":15},"end":{"line":11,"column":32}},"10":{"start":{"line":12,"column":18},"end":{"line":12,"column":38}},"11":{"start":{"line":13,"column":32},"end":{"line":13,"column":66}},"12":{"start":{"line":14,"column":21},"end":{"line":14,"column":44}},"13":{"start":{"line":15,"column":15},"end":{"line":15,"column":32}},"14":{"start":{"line":24,"column":8},"end":{"line":24,"column":20}},"15":{"start":{"line":29,"column":21},"end":{"line":29,"column":49}},"16":{"start":{"line":33,"column":21},"end":{"line":33,"column":40}},"17":{"start":{"line":39,"column":8},"end":{"line":39,"column":59}},"18":{"start":{"line":45,"column":8},"end":{"line":48,"column":9}},"19":{"start":{"line":46,"column":12},"end":{"line":47,"column":29}},"20":{"start":{"line":47,"column":16},"end":{"line":47,"column":29}},"21":{"start":{"line":49,"column":8},"end":{"line":49,"column":20}},"22":{"start":{"line":55,"column":8},"end":{"line":58,"column":9}},"23":{"start":{"line":56,"column":12},"end":{"line":57,"column":29}},"24":{"start":{"line":57,"column":16},"end":{"line":57,"column":29}},"25":{"start":{"line":59,"column":8},"end":{"line":59,"column":20}},"26":{"start":{"line":72,"column":8},"end":{"line":75,"column":57}},"27":{"start":{"line":73,"column":12},"end":{"line":73,"column":76}},"28":{"start":{"line":75,"column":12},"end":{"line":75,"column":57}},"29":{"start":{"line":90,"column":8},"end":{"line":93,"column":57}},"30":{"start":{"line":91,"column":12},"end":{"line":91,"column":85}},"31":{"start":{"line":93,"column":12},"end":{"line":93,"column":57}},"32":{"start":{"line":106,"column":8},"end":{"line":109,"column":57}},"33":{"start":{"line":107,"column":12},"end":{"line":107,"column":75}},"34":{"start":{"line":109,"column":12},"end":{"line":109,"column":57}},"35":{"start":{"line":119,"column":8},"end":{"line":119,"column":62}},"36":{"start":{"line":131,"column":8},"end":{"line":132,"column":68}},"37":{"start":{"line":132,"column":12},"end":{"line":132,"column":68}},"38":{"start":{"line":133,"column":8},"end":{"line":134,"column":61}},"39":{"start":{"line":134,"column":12},"end":{"line":134,"column":61}},"40":{"start":{"line":135,"column":20},"end":{"line":135,"column":44}},"41":{"start":{"line":136,"column":22},"end":{"line":136,"column":58}},"42":{"start":{"line":137,"column":25},"end":{"line":137,"column":70}},"43":{"start":{"line":138,"column":8},"end":{"line":139,"column":61}},"44":{"start":{"line":139,"column":12},"end":{"line":139,"column":61}},"45":{"start":{"line":140,"column":8},"end":{"line":141,"column":61}},"46":{"start":{"line":141,"column":12},"end":{"line":141,"column":61}},"47":{"start":{"line":142,"column":8},"end":{"line":144,"column":61}},"48":{"start":{"line":144,"column":12},"end":{"line":144,"column":61}},"49":{"start":{"line":145,"column":8},"end":{"line":147,"column":61}},"50":{"start":{"line":147,"column":12},"end":{"line":147,"column":61}},"51":{"start":{"line":148,"column":8},"end":{"line":148,"column":79}},"52":{"start":{"line":156,"column":8},"end":{"line":156,"column":61}},"53":{"start":{"line":166,"column":8},"end":{"line":166,"column":43}},"54":{"start":{"line":176,"column":8},"end":{"line":176,"column":49}},"55":{"start":{"line":188,"column":8},"end":{"line":189,"column":68}},"56":{"start":{"line":189,"column":12},"end":{"line":189,"column":68}},"57":{"start":{"line":190,"column":8},"end":{"line":191,"column":68}},"58":{"start":{"line":191,"column":12},"end":{"line":191,"column":68}},"59":{"start":{"line":192,"column":8},"end":{"line":192,"column":85}},"60":{"start":{"line":202,"column":8},"end":{"line":203,"column":64}},"61":{"start":{"line":203,"column":12},"end":{"line":203,"column":64}},"62":{"start":{"line":204,"column":8},"end":{"line":204,"column":42}},"63":{"start":{"line":214,"column":8},"end":{"line":215,"column":64}},"64":{"start":{"line":215,"column":12},"end":{"line":215,"column":64}},"65":{"start":{"line":216,"column":26},"end":{"line":216,"column":44}},"66":{"start":{"line":217,"column":8},"end":{"line":218,"column":46}},"67":{"start":{"line":218,"column":12},"end":{"line":218,"column":46}},"68":{"start":{"line":219,"column":8},"end":{"line":219,"column":34}},"69":{"start":{"line":220,"column":8},"end":{"line":220,"column":89}},"70":{"start":{"line":220,"column":61},"end":{"line":220,"column":87}},"71":{"start":{"line":221,"column":8},"end":{"line":221,"column":20}},"72":{"start":{"line":231,"column":8},"end":{"line":232,"column":68}},"73":{"start":{"line":232,"column":12},"end":{"line":232,"column":68}},"74":{"start":{"line":233,"column":8},"end":{"line":233,"column":62}},"75":{"start":{"line":245,"column":8},"end":{"line":246,"column":68}},"76":{"start":{"line":246,"column":12},"end":{"line":246,"column":68}},"77":{"start":{"line":247,"column":8},"end":{"line":248,"column":61}},"78":{"start":{"line":248,"column":12},"end":{"line":248,"column":61}},"79":{"start":{"line":249,"column":20},"end":{"line":249,"column":44}},"80":{"start":{"line":250,"column":22},"end":{"line":250,"column":58}},"81":{"start":{"line":251,"column":25},"end":{"line":251,"column":70}},"82":{"start":{"line":252,"column":8},"end":{"line":253,"column":61}},"83":{"start":{"line":253,"column":12},"end":{"line":253,"column":61}},"84":{"start":{"line":254,"column":8},"end":{"line":255,"column":61}},"85":{"start":{"line":255,"column":12},"end":{"line":255,"column":61}},"86":{"start":{"line":256,"column":8},"end":{"line":258,"column":61}},"87":{"start":{"line":258,"column":12},"end":{"line":258,"column":61}},"88":{"start":{"line":259,"column":8},"end":{"line":261,"column":61}},"89":{"start":{"line":261,"column":12},"end":{"line":261,"column":61}},"90":{"start":{"line":262,"column":8},"end":{"line":262,"column":77}},"91":{"start":{"line":273,"column":8},"end":{"line":273,"column":60}},"92":{"start":{"line":282,"column":8},"end":{"line":282,"column":60}},"93":{"start":{"line":291,"column":8},"end":{"line":291,"column":60}},"94":{"start":{"line":300,"column":8},"end":{"line":300,"column":60}},"95":{"start":{"line":313,"column":8},"end":{"line":316,"column":9}},"96":{"start":{"line":314,"column":12},"end":{"line":314,"column":28}},"97":{"start":{"line":315,"column":12},"end":{"line":315,"column":28}},"98":{"start":{"line":317,"column":8},"end":{"line":318,"column":42}},"99":{"start":{"line":318,"column":12},"end":{"line":318,"column":42}},"100":{"start":{"line":319,"column":25},"end":{"line":319,"column":39}},"101":{"start":{"line":320,"column":8},"end":{"line":320,"column":38}},"102":{"start":{"line":321,"column":8},"end":{"line":321,"column":26}},"103":{"start":{"line":330,"column":8},"end":{"line":331,"column":24}},"104":{"start":{"line":331,"column":12},"end":{"line":331,"column":24}},"105":{"start":{"line":332,"column":8},"end":{"line":333,"column":64}},"106":{"start":{"line":333,"column":12},"end":{"line":333,"column":64}},"107":{"start":{"line":334,"column":8},"end":{"line":334,"column":20}},"108":{"start":{"line":343,"column":8},"end":{"line":344,"column":26}},"109":{"start":{"line":344,"column":12},"end":{"line":344,"column":26}},"110":{"start":{"line":345,"column":8},"end":{"line":346,"column":67}},"111":{"start":{"line":346,"column":12},"end":{"line":346,"column":67}},"112":{"start":{"line":347,"column":8},"end":{"line":347,"column":20}},"113":{"start":{"line":350,"column":0},"end":{"line":350,"column":28}}},"fnMap":{"0":{"name":"(anonymous_0)","decl":{"start":{"line":23,"column":4},"end":{"line":23,"column":5}},"loc":{"start":{"line":23,"column":18},"end":{"line":25,"column":5}},"line":23},"1":{"name":"(anonymous_1)","decl":{"start":{"line":29,"column":4},"end":{"line":29,"column":5}},"loc":{"start":{"line":29,"column":19},"end":{"line":29,"column":51}},"line":29},"2":{"name":"(anonymous_2)","decl":{"start":{"line":33,"column":4},"end":{"line":33,"column":5}},"loc":{"start":{"line":33,"column":19},"end":{"line":33,"column":42}},"line":33},"3":{"name":"(anonymous_3)","decl":{"start":{"line":38,"column":4},"end":{"line":38,"column":5}},"loc":{"start":{"line":38,"column":25},"end":{"line":40,"column":5}},"line":38},"4":{"name":"(anonymous_4)","decl":{"start":{"line":44,"column":4},"end":{"line":44,"column":5}},"loc":{"start":{"line":44,"column":18},"end":{"line":50,"column":5}},"line":44},"5":{"name":"(anonymous_5)","decl":{"start":{"line":54,"column":4},"end":{"line":54,"column":5}},"loc":{"start":{"line":54,"column":26},"end":{"line":60,"column":5}},"line":54},"6":{"name":"(anonymous_6)","decl":{"start":{"line":71,"column":4},"end":{"line":71,"column":5}},"loc":{"start":{"line":71,"column":40},"end":{"line":76,"column":5}},"line":71},"7":{"name":"(anonymous_7)","decl":{"start":{"line":89,"column":4},"end":{"line":89,"column":5}},"loc":{"start":{"line":89,"column":49},"end":{"line":94,"column":5}},"line":89},"8":{"name":"(anonymous_8)","decl":{"start":{"line":105,"column":4},"end":{"line":105,"column":5}},"loc":{"start":{"line":105,"column":39},"end":{"line":110,"column":5}},"line":105},"9":{"name":"(anonymous_9)","decl":{"start":{"line":118,"column":4},"end":{"line":118,"column":5}},"loc":{"start":{"line":118,"column":29},"end":{"line":120,"column":5}},"line":118},"10":{"name":"(anonymous_10)","decl":{"start":{"line":130,"column":4},"end":{"line":130,"column":5}},"loc":{"start":{"line":130,"column":46},"end":{"line":149,"column":5}},"line":130},"11":{"name":"(anonymous_11)","decl":{"start":{"line":155,"column":4},"end":{"line":155,"column":5}},"loc":{"start":{"line":155,"column":29},"end":{"line":157,"column":5}},"line":155},"12":{"name":"(anonymous_12)","decl":{"start":{"line":165,"column":4},"end":{"line":165,"column":5}},"loc":{"start":{"line":165,"column":25},"end":{"line":167,"column":5}},"line":165},"13":{"name":"(anonymous_13)","decl":{"start":{"line":175,"column":4},"end":{"line":175,"column":5}},"loc":{"start":{"line":175,"column":24},"end":{"line":177,"column":5}},"line":175},"14":{"name":"(anonymous_14)","decl":{"start":{"line":187,"column":4},"end":{"line":187,"column":5}},"loc":{"start":{"line":187,"column":46},"end":{"line":193,"column":5}},"line":187},"15":{"name":"(anonymous_15)","decl":{"start":{"line":201,"column":4},"end":{"line":201,"column":5}},"loc":{"start":{"line":201,"column":35},"end":{"line":205,"column":5}},"line":201},"16":{"name":"(anonymous_16)","decl":{"start":{"line":213,"column":4},"end":{"line":213,"column":5}},"loc":{"start":{"line":213,"column":20},"end":{"line":222,"column":5}},"line":213},"17":{"name":"(anonymous_17)","decl":{"start":{"line":220,"column":50},"end":{"line":220,"column":51}},"loc":{"start":{"line":220,"column":61},"end":{"line":220,"column":87}},"line":220},"18":{"name":"(anonymous_18)","decl":{"start":{"line":230,"column":4},"end":{"line":230,"column":5}},"loc":{"start":{"line":230,"column":31},"end":{"line":234,"column":5}},"line":230},"19":{"name":"(anonymous_19)","decl":{"start":{"line":244,"column":4},"end":{"line":244,"column":5}},"loc":{"start":{"line":244,"column":48},"end":{"line":263,"column":5}},"line":244},"20":{"name":"(anonymous_20)","decl":{"start":{"line":272,"column":4},"end":{"line":272,"column":5}},"loc":{"start":{"line":272,"column":22},"end":{"line":274,"column":5}},"line":272},"21":{"name":"(anonymous_21)","decl":{"start":{"line":281,"column":4},"end":{"line":281,"column":5}},"loc":{"start":{"line":281,"column":18},"end":{"line":283,"column":5}},"line":281},"22":{"name":"(anonymous_22)","decl":{"start":{"line":290,"column":4},"end":{"line":290,"column":5}},"loc":{"start":{"line":290,"column":90},"end":{"line":292,"column":5}},"line":290},"23":{"name":"(anonymous_23)","decl":{"start":{"line":299,"column":4},"end":{"line":299,"column":5}},"loc":{"start":{"line":299,"column":88},"end":{"line":301,"column":5}},"line":299},"24":{"name":"(anonymous_24)","decl":{"start":{"line":312,"column":4},"end":{"line":312,"column":5}},"loc":{"start":{"line":312,"column":45},"end":{"line":322,"column":5}},"line":312},"25":{"name":"(anonymous_25)","decl":{"start":{"line":329,"column":4},"end":{"line":329,"column":5}},"loc":{"start":{"line":329,"column":28},"end":{"line":335,"column":5}},"line":329},"26":{"name":"(anonymous_26)","decl":{"start":{"line":342,"column":4},"end":{"line":342,"column":5}},"loc":{"start":{"line":342,"column":31},"end":{"line":348,"column":5}},"line":342}},"branchMap":{"0":{"loc":{"start":{"line":46,"column":12},"end":{"line":47,"column":29}},"type":"if","locations":[{"start":{"line":46,"column":12},"end":{"line":47,"column":29}},{"start":{"line":46,"column":12},"end":{"line":47,"column":29}}],"line":46},"1":{"loc":{"start":{"line":56,"column":12},"end":{"line":57,"column":29}},"type":"if","locations":[{"start":{"line":56,"column":12},"end":{"line":57,"column":29}},{"start":{"line":56,"column":12},"end":{"line":57,"column":29}}],"line":56},"2":{"loc":{"start":{"line":72,"column":8},"end":{"line":75,"column":57}},"type":"if","locations":[{"start":{"line":72,"column":8},"end":{"line":75,"column":57}},{"start":{"line":72,"column":8},"end":{"line":75,"column":57}}],"line":72},"3":{"loc":{"start":{"line":90,"column":8},"end":{"line":93,"column":57}},"type":"if","locations":[{"start":{"line":90,"column":8},"end":{"line":93,"column":57}},{"start":{"line":90,"column":8},"end":{"line":93,"column":57}}],"line":90},"4":{"loc":{"start":{"line":106,"column":8},"end":{"line":109,"column":57}},"type":"if","locations":[{"start":{"line":106,"column":8},"end":{"line":109,"column":57}},{"start":{"line":106,"column":8},"end":{"line":109,"column":57}}],"line":106},"5":{"loc":{"start":{"line":131,"column":8},"end":{"line":132,"column":68}},"type":"if","locations":[{"start":{"line":131,"column":8},"end":{"line":132,"column":68}},{"start":{"line":131,"column":8},"end":{"line":132,"column":68}}],"line":131},"6":{"loc":{"start":{"line":133,"column":8},"end":{"line":134,"column":61}},"type":"if","locations":[{"start":{"line":133,"column":8},"end":{"line":134,"column":61}},{"start":{"line":133,"column":8},"end":{"line":134,"column":61}}],"line":133},"7":{"loc":{"start":{"line":136,"column":22},"end":{"line":136,"column":58}},"type":"cond-expr","locations":[{"start":{"line":136,"column":43},"end":{"line":136,"column":51}},{"start":{"line":136,"column":54},"end":{"line":136,"column":58}}],"line":136},"8":{"loc":{"start":{"line":137,"column":25},"end":{"line":137,"column":70}},"type":"cond-expr","locations":[{"start":{"line":137,"column":46},"end":{"line":137,"column":54}},{"start":{"line":137,"column":57},"end":{"line":137,"column":70}}],"line":137},"9":{"loc":{"start":{"line":138,"column":8},"end":{"line":139,"column":61}},"type":"if","locations":[{"start":{"line":138,"column":8},"end":{"line":139,"column":61}},{"start":{"line":138,"column":8},"end":{"line":139,"column":61}}],"line":138},"10":{"loc":{"start":{"line":138,"column":12},"end":{"line":138,"column":32}},"type":"binary-expr","locations":[{"start":{"line":138,"column":12},"end":{"line":138,"column":18}},{"start":{"line":138,"column":22},"end":{"line":138,"column":32}}],"line":138},"11":{"loc":{"start":{"line":140,"column":8},"end":{"line":141,"column":61}},"type":"if","locations":[{"start":{"line":140,"column":8},"end":{"line":141,"column":61}},{"start":{"line":140,"column":8},"end":{"line":141,"column":61}}],"line":140},"12":{"loc":{"start":{"line":140,"column":12},"end":{"line":140,"column":61}},"type":"binary-expr","locations":[{"start":{"line":140,"column":12},"end":{"line":140,"column":28}},{"start":{"line":140,"column":32},"end":{"line":140,"column":61}}],"line":140},"13":{"loc":{"start":{"line":142,"column":8},"end":{"line":144,"column":61}},"type":"if","locations":[{"start":{"line":142,"column":8},"end":{"line":144,"column":61}},{"start":{"line":142,"column":8},"end":{"line":144,"column":61}}],"line":142},"14":{"loc":{"start":{"line":142,"column":12},"end":{"line":143,"column":61}},"type":"binary-expr","locations":[{"start":{"line":142,"column":12},"end":{"line":142,"column":43}},{"start":{"line":143,"column":13},"end":{"line":143,"column":31}},{"start":{"line":143,"column":35},"end":{"line":143,"column":60}}],"line":142},"15":{"loc":{"start":{"line":145,"column":8},"end":{"line":147,"column":61}},"type":"if","locations":[{"start":{"line":145,"column":8},"end":{"line":147,"column":61}},{"start":{"line":145,"column":8},"end":{"line":147,"column":61}}],"line":145},"16":{"loc":{"start":{"line":145,"column":12},"end":{"line":146,"column":61}},"type":"binary-expr","locations":[{"start":{"line":145,"column":12},"end":{"line":145,"column":43}},{"start":{"line":146,"column":13},"end":{"line":146,"column":31}},{"start":{"line":146,"column":35},"end":{"line":146,"column":60}}],"line":145},"17":{"loc":{"start":{"line":148,"column":54},"end":{"line":148,"column":66}},"type":"binary-expr","locations":[{"start":{"line":148,"column":54},"end":{"line":148,"column":60}},{"start":{"line":148,"column":64},"end":{"line":148,"column":66}}],"line":148},"18":{"loc":{"start":{"line":188,"column":8},"end":{"line":189,"column":68}},"type":"if","locations":[{"start":{"line":188,"column":8},"end":{"line":189,"column":68}},{"start":{"line":188,"column":8},"end":{"line":189,"column":68}}],"line":188},"19":{"loc":{"start":{"line":190,"column":8},"end":{"line":191,"column":68}},"type":"if","locations":[{"start":{"line":190,"column":8},"end":{"line":191,"column":68}},{"start":{"line":190,"column":8},"end":{"line":191,"column":68}}],"line":190},"20":{"loc":{"start":{"line":201,"column":21},"end":{"line":201,"column":33}},"type":"default-arg","locations":[{"start":{"line":201,"column":28},"end":{"line":201,"column":33}}],"line":201},"21":{"loc":{"start":{"line":202,"column":8},"end":{"line":203,"column":64}},"type":"if","locations":[{"start":{"line":202,"column":8},"end":{"line":203,"column":64}},{"start":{"line":202,"column":8},"end":{"line":203,"column":64}}],"line":202},"22":{"loc":{"start":{"line":214,"column":8},"end":{"line":215,"column":64}},"type":"if","locations":[{"start":{"line":214,"column":8},"end":{"line":215,"column":64}},{"start":{"line":214,"column":8},"end":{"line":215,"column":64}}],"line":214},"23":{"loc":{"start":{"line":217,"column":8},"end":{"line":218,"column":46}},"type":"if","locations":[{"start":{"line":217,"column":8},"end":{"line":218,"column":46}},{"start":{"line":217,"column":8},"end":{"line":218,"column":46}}],"line":217},"24":{"loc":{"start":{"line":231,"column":8},"end":{"line":232,"column":68}},"type":"if","locations":[{"start":{"line":231,"column":8},"end":{"line":232,"column":68}},{"start":{"line":231,"column":8},"end":{"line":232,"column":68}}],"line":231},"25":{"loc":{"start":{"line":245,"column":8},"end":{"line":246,"column":68}},"type":"if","locations":[{"start":{"line":245,"column":8},"end":{"line":246,"column":68}},{"start":{"line":245,"column":8},"end":{"line":246,"column":68}}],"line":245},"26":{"loc":{"start":{"line":247,"column":8},"end":{"line":248,"column":61}},"type":"if","locations":[{"start":{"line":247,"column":8},"end":{"line":248,"column":61}},{"start":{"line":247,"column":8},"end":{"line":248,"column":61}}],"line":247},"27":{"loc":{"start":{"line":250,"column":22},"end":{"line":250,"column":58}},"type":"cond-expr","locations":[{"start":{"line":250,"column":43},"end":{"line":250,"column":51}},{"start":{"line":250,"column":54},"end":{"line":250,"column":58}}],"line":250},"28":{"loc":{"start":{"line":251,"column":25},"end":{"line":251,"column":70}},"type":"cond-expr","locations":[{"start":{"line":251,"column":46},"end":{"line":251,"column":54}},{"start":{"line":251,"column":57},"end":{"line":251,"column":70}}],"line":251},"29":{"loc":{"start":{"line":252,"column":8},"end":{"line":253,"column":61}},"type":"if","locations":[{"start":{"line":252,"column":8},"end":{"line":253,"column":61}},{"start":{"line":252,"column":8},"end":{"line":253,"column":61}}],"line":252},"30":{"loc":{"start":{"line":252,"column":12},"end":{"line":252,"column":32}},"type":"binary-expr","locations":[{"start":{"line":252,"column":12},"end":{"line":252,"column":18}},{"start":{"line":252,"column":22},"end":{"line":252,"column":32}}],"line":252},"31":{"loc":{"start":{"line":254,"column":8},"end":{"line":255,"column":61}},"type":"if","locations":[{"start":{"line":254,"column":8},"end":{"line":255,"column":61}},{"start":{"line":254,"column":8},"e
[...]
{"line":12,"column":5}},"loc":{"start":{"line":12,"column":16},"end":{"line":12,"column":47}},"line":12},"1":{"name":"(anonymous_1)","decl":{"start":{"line":19,"column":4},"end":{"line":19,"column":5}},"loc":{"start":{"line":19,"column":20},"end":{"line":31,"column":5}},"line":19}},"branchMap":{"0":{"loc":{"start":{"line":12,"column":25},"end":{"line":12,"column":44}},"type":"binary-expr","locations":[{"start":{"line":12,"column":25},"end":{"line":12,"column":36}},{"start":{"line":12,"column":40},"end":{"line":12,"column":44}}],"line":12},"1":{"loc":{"start":{"line":20,"column":8},"end":{"line":21,"column":24}},"type":"if","locations":[{"start":{"line":20,"column":8},"end":{"line":21,"column":24}},{"start":{"line":20,"column":8},"end":{"line":21,"column":24}}],"line":20},"2":{"loc":{"start":{"line":24,"column":12},"end":{"line":25,"column":27}},"type":"if","locations":[{"start":{"line":24,"column":12},"end":{"line":25,"column":27}},{"start":{"line":24,"column":12},"end":{"line":25,"column":27}}],"line":24},"3":{"loc":{"start":{"line":27,"column":12},"end":{"line":28,"column":27}},"type":"if","locations":[{"start":{"line":27,"column":12},"end":{"line":28,"column":27}},{"start":{"line":27,"column":12},"end":{"line":28,"column":27}}],"line":27}},"s":{"0":1,"1":0,"2":0,"3":0,"4":0,"5":0,"6":0,"7":0,"8":0,"9":0,"10":0,"11":0,"12":1},"f":{"0":0,"1":0},"b":{"0":[0,0],"1":[0,0],"2":[0,0],"3":[0,0]},"_coverageSchema":"43e27e138ebf9cfc5966b082cf9a028302ed4184","hash":"645ac581dcc2073fd140965695cff77c34ac5b45","contentHash":"599d1def1527199ea6daf1a1a5f16840908077acda6cd98d9d7b67399267b578"},"C:\\Users\\Özgür\\Source\\Repos\\xmlbuilder2\\src\\dom\\XMLSpec.ts":{"path":"C:\\Users\\Özgür\\Source\\Repos\\xmlbuilder2\\src\\dom\\XMLSpec.ts","statementMap":{"0":{"start":{"line":2,"column":0},"end":{"line":2,"column":62}},"1":{"start":{"line":10,"column":0},"end":{"line":10,"column":200}},"2":{"start":{"line":11,"column":0},"end":{"line":11,"column":206}},"3":{"start":{"line":12,"column":0},"end":{"line":12,"column":382}},"4":{"start":{"line":13,"column":0},"end":{"line":13,"column":383}},"5":{"start":{"line":14,"column":0},"end":{"line":14,"column":744}},"6":{"start":{"line":15,"column":0},"end":{"line":15,"column":26}}},"fnMap":{},"branchMap":{},"s":{"0":1,"1":1,"2":1,"3":1,"4":1,"5":1,"6":1},"f":{},"b":{},"_coverageSchema":"43e27e138ebf9cfc5966b082cf9a028302ed4184","hash":"176cbf92a6ae795e54426fb30baf8124b7bd9a25","contentHash":"a48a0595ec11aa557b45ef1121488dc48c629198c1202adbff6225ab9291407b"},"C:\\Users\\Özgür\\Source\\Repos\\xmlbuilder2\\src\\dom\\DocumentFragment.ts":{"path":"C:\\Users\\Özgür\\Source\\Repos\\xmlbuilder2\\src\\dom\\DocumentFragment.ts","statementMap":{"0":{"start":{"line":2,"column":0},"end":{"line":2,"column":62}},"1":{"start":{"line":3,"column":15},"end":{"line":3,"column":32}},"2":{"start":{"line":4,"column":15},"end":{"line":4,"column":32}},"3":{"start":{"line":15,"column":8},"end":{"line":15,"column":29}},"4":{"start":{"line":20,"column":21},"end":{"line":20,"column":57}},"5":{"start":{"line":24,"column":21},"end":{"line":24,"column":49}},"6":{"start":{"line":31,"column":18},"end":{"line":31,"column":20}},"7":{"start":{"line":32,"column":8},"end":{"line":36,"column":9}},"8":{"start":{"line":33,"column":31},"end":{"line":33,"column":48}},"9":{"start":{"line":34,"column":12},"end":{"line":35,"column":36}},"10":{"start":{"line":35,"column":16},"end":{"line":35,"column":36}},"11":{"start":{"line":37,"column":8},"end":{"line":37,"column":19}},"12":{"start":{"line":40,"column":19},"end":{"line":40,"column":23}},"13":{"start":{"line":41,"column":8},"end":{"line":42,"column":62}},"14":{"start":{"line":42,"column":12},"end":{"line":42,"column":62}},"15":{"start":{"line":43,"column":8},"end":{"line":44,"column":47}},"16":{"start":{"line":44,"column":12},"end":{"line":44,"column":47}},"17":{"start":{"line":45,"column":8},"end":{"line":45,"column":35}},"18":{"start":{"line":46,"column":8},"end":{"line":47,"column":35}},"19":{"start":{"line":47,"column":12},"end":{"line":47,"column":35}},"20":{"start":{"line":60,"column":8},"end":{"line":63,"column":9}},"21":{"start":{"line":61,"column":12},"end":{"line":61,"column":28}},"22":{"start":{"line":62,"column":12},"end":{"line":62,"column":28}},"23":{"start":{"line":64,"column":8},"end":{"line":65,"column":42}},"24":{"start":{"line":65,"column":12},"end":{"line":65,"column":42}},"25":{"start":{"line":66,"column":25},"end":{"line":66,"column":55}},"26":{"start":{"line":67,"column":8},"end":{"line":67,"column":38}},"27":{"start":{"line":69,"column":8},"end":{"line":72,"column":9}},"28":{"start":{"line":70,"column":30},"end":{"line":70,"column":61}},"29":{"start":{"line":71,"column":12},"end":{"line":71,"column":48}},"30":{"start":{"line":73,"column":8},"end":{"line":73,"column":26}},"31":{"start":{"line":82,"column":8},"end":{"line":82,"column":20}},"32":{"start":{"line":91,"column":8},"end":{"line":91,"column":20}},"33":{"start":{"line":94,"column":0},"end":{"line":94,"column":44}}},"fnMap":{"0":{"name":"(anonymous_0)","decl":{"start":{"line":14,"column":4},"end":{"line":14,"column":5}},"loc":{"start":{"line":14,"column":31},"end":{"line":16,"column":5}},"line":14},"1":{"name":"(anonymous_1)","decl":{"start":{"line":20,"column":4},"end":{"line":20,"column":5}},"loc":{"start":{"line":20,"column":19},"end":{"line":20,"column":59}},"line":20},"2":{"name":"(anonymous_2)","decl":{"start":{"line":24,"column":4},"end":{"line":24,"column":5}},"loc":{"start":{"line":24,"column":19},"end":{"line":24,"column":51}},"line":24},"3":{"name":"(anonymous_3)","decl":{"start":{"line":30,"column":4},"end":{"line":30,"column":5}},"loc":{"start":{"line":30,"column":22},"end":{"line":38,"column":5}},"line":30},"4":{"name":"(anonymous_4)","decl":{"start":{"line":39,"column":4},"end":{"line":39,"column":5}},"loc":{"start":{"line":39,"column":27},"end":{"line":48,"column":5}},"line":39},"5":{"name":"(anonymous_5)","decl":{"start":{"line":59,"column":4},"end":{"line":59,"column":5}},"loc":{"start":{"line":59,"column":45},"end":{"line":74,"column":5}},"line":59},"6":{"name":"(anonymous_6)","decl":{"start":{"line":81,"column":4},"end":{"line":81,"column":5}},"loc":{"start":{"line":81,"column":28},"end":{"line":83,"column":5}},"line":81},"7":{"name":"(anonymous_7)","decl":{"start":{"line":90,"column":4},"end":{"line":90,"column":5}},"loc":{"start":{"line":90,"column":31},"end":{"line":92,"column":5}},"line":90}},"branchMap":{"0":{"loc":{"start":{"line":34,"column":12},"end":{"line":35,"column":36}},"type":"if","locations":[{"start":{"line":34,"column":12},"end":{"line":35,"column":36}},{"start":{"line":34,"column":12},"end":{"line":35,"column":36}}],"line":34},"1":{"loc":{"start":{"line":41,"column":8},"end":{"line":42,"column":62}},"type":"if","locations":[{"start":{"line":41,"column":8},"end":{"line":42,"column":62}},{"start":{"line":41,"column":8},"end":{"line":42,"column":62}}],"line":41},"2":{"loc":{"start":{"line":43,"column":8},"end":{"line":44,"column":47}},"type":"if","locations":[{"start":{"line":43,"column":8},"end":{"line":44,"column":47}},{"start":{"line":43,"column":8},"end":{"line":44,"column":47}}],"line":43},"3":{"loc":{"start":{"line":43,"column":12},"end":{"line":43,"column":38}},"type":"binary-expr","locations":[{"start":{"line":43,"column":12},"end":{"line":43,"column":16}},{"start":{"line":43,"column":20},"end":{"line":43,"column":38}}],"line":43},"4":{"loc":{"start":{"line":46,"column":8},"end":{"line":47,"column":35}},"type":"if","locations":[{"start":{"line":46,"column":8},"end":{"line":47,"column":35}},{"start":{"line":46,"column":8},"end":{"line":47,"column":35}}],"line":46},"5":{"loc":{"start":{"line":59,"column":14},"end":{"line":59,"column":29}},"type":"default-arg","locations":[{"start":{"line":59,"column":25},"end":{"line":59,"column":29}}],"line":59},"6":{"loc":{"start":{"line":59,"column":31},"end":{"line":59,"column":43}},"type":"default-arg","locations":[{"start":{"line":59,"column":38},"end":{"line":59,"column":43}}],"line":59},"7":{"loc":{"start":{"line":60,"column":8},"end":{"line":63,"column":9}},"type":"if","locations":[{"start":{"line":60,"column":8},"end":{"line":63,"column":9}},{"start":{"line":60,"column":8},"end":{"line":63,"column":9}}],"line":60},"8":{"loc":{"start":{"line":64,"column":8},"end":{"line":65,"column":42}},"type":"if","locations":[{"start":{"line":64,"column":8},"end":{"line":65,"column":42}},{"start":{"line":64,"column":8},"end":{"line":65,"column":42}}],"line":64}},"s":{"0":1,"1":1,"2":1,"3":0,"4":0,"5":0,"6":0,"7":0,"8":0,"9":0,"10":0,"11":0,"12":0,"13":0,"14":0,"15":0,"16":0,"17":0,"18":0,"19":0,"20":0,"21":0,"22":0,"23":0,"24":0,"25":0,"26":0,"27":0,"28":0,"29":0,"30":0,"31":0,"32":0,"33":1},"f":{"0":0,"1":0,"2":0,"3":0,"4":0,"5":0,"6":0,"7":0},"b":{"0":[0,0],"1":[0,0],"2":[0,0],"3":[0,0],"4":[0,0],"5":[0],"6":[0],"7":[0,0],"8":[0,0]},"_coverageSchema":"43e27e138ebf9cfc5966b082cf9a028302ed4184","hash":"8fe4c1363a5cce731641378e8afd9afef3ac2aad","contentHash":"a133a1ca866bfbec0f0fd8012cb2d8090a7e1babc873998f495aedddbaa4d1d2"},"C:\\Users\\Özgür\\Source\\Repos\\xmlbuilder2\\src\\dom\\Comment.ts":{"path":"C:\\Users\\Özgür\\Source\\Repos\\xmlbuilder2\\src\\dom\\Comment.ts","statementMap":{"0":{"start":{"line":2,"column":0},"end":{"line":2,"column":62}},"1":{"start":{"line":3,"column":15},"end":{"line":3,"column":32}},"2":{"start":{"line":4,"column":24},"end":{"line":4,"column":50}},"3":{"start":{"line":16,"column":8},"end":{"line":16,"column":35}},"4":{"start":{"line":21,"column":21},"end":{"line":21,"column":48}},"5":{"start":{"line":25,"column":21},"end":{"line":25,"column":39}},"6":{"start":{"line":37,"column":8},"end":{"line":40,"column":9}},"7":{"start":{"line":38,"column":12},"end":{"line":38,"column":28}},"8":{"start":{"line":39,"column":12},"end":{"line":39,"column":28}},"9":{"start":{"line":41,"column":8},"end":{"line":42,"column":42}},"10":{"start":{"line":42,"column":12},"end":{"line":42,"column":42}},"11":{"start":{"line":43,"column":25},"end":{"line":43,"column":57}},"12":{"start":{"line":44,"column":8},"end":{"line":44,"column":38}},"13":{"start":{"line":45,"column":8},"end":{"line":45,"column":26}},"14":{"start":{"line":48,"column":0},"end":{"line":48,"column":26}}},"fnMap":{"0":{"name":"(anonymous_0)","decl":{"start":{"line":15,"column":4},"end":{"line":15,"column":5}},"loc":{"start":{"line":15,"column":51},"end":{"line":17,"column":5}},"line":15},"1":{"name":"(anonymous_1)","decl":{"start":{"line":21,"column":4},"end":{"line":21,"column":5}},"loc":{"start":{"line":21,"column":19},"end":{"line":21,"column":50}},"line":21},"2":{"name":"(anonymous_2)","decl":{"start":{"line":25,"column":4},"end":{"line":25,"column":5}},"loc":{"start":{"line":25,"column":19},"end":{"line":25,"column":41}},"line":25},"3":{"name":"(anonymous_3)","decl":{"start":{"line":36,"column":4},"end":{"line":36,"column":5}},"loc":{"start":{"line":36,"column":45},"end":{"line":46,"column":5}},"line":36}},"branchMap":{"0":{"loc":{"start":{"line":15,"column":16},"end":{"line":15,"column":36}},"type":"default-arg","locations":[{"start":{"line":15,"column":32},"end":{"line":15,"column":36}}],"line":15},"1":{"loc":{"start":{"line":15,"column":38},"end":{"line":15,"column":49}},"type":"default-arg","locations":[{"start":{"line":15,"column":45},"end":{"line":15,"column":49}}],"line":15},"2":{"loc":{"start":{"line":36,"column":14},"end":{"line":36,"column":29}},"type":"default-arg","locations":[{"start":{"line":36,"column":25},"end":{"line":36,"column":29}}],"line":36},"3":{"loc":{"start":{"line":36,"column":31},"end":{"line":36,"column":43}},"type":"default-arg","locations":[{"start":{"line":36,"column":38},"end":{"line":36,"column":43}}],"line":36},"4":{"loc":{"start":{"line":37,"column":8},"end":{"line":40,"column":9}},"type":"if","locations":[{"start":{"line":37,"column":8},"end":{"line":40,"column":9}},{"start":{"line":37,"column":8},"end":{"line":40,"column":9}}],"line":37},"5":{"loc":{"start":{"line":41,"column":8},"end":{"line":42,"column":42}},"type":"if","locations":[{"start":{"line":41,"column":8},"end":{"line":42,"column":42}},{"start":{"line":41,"column":8},"end":{"line":42,"column":42}}],"line":41}},"s":{"0":1,"1":1,"2":1,"3":0,"4":0,"5":0,"6":0,"7":0,"8":0,"9":0,"10":0,"11":0,"12":0,"13":0,"14":1},"f":{"0":0,"1":0,"2":0,"3":0},"b":{"0":[0],"1":[0],"2":[0],"3":[0],"4":[0,0],"5":[0,0]},"_coverageSchema":"43e27e138ebf9cfc5966b082cf9a028302ed4184","hash":"a2290aa4b52358c472037722c18e0c0729fd6994","contentHash":"23471e89cbc06a1c366c532fbaf0e75af9348589e2ee48ae24a86be585b6ce6e"},"C:\\Users\\Özgür\\Source\\Repos\\xmlbuilder2\\src\\dom\\ProcessingInstruction.ts":{"path":"C:\\Users\\Özgür\\Source\\Repos\\xmlbuilder2\\src\\dom\\ProcessingInstruction.ts","statementMap":{"0":{"start":{"line":2,"column":0},"end":{"line":2,"column":62}},"1":{"start":{"line":3,"column":15},"end":{"line":3,"column":32}},"2":{"start":{"line":4,"column":24},"end":{"line":4,"column":50}},"3":{"start":{"line":16,"column":8},"end":{"line":16,"column":35}},"4":{"start":{"line":17,"column":8},"end":{"line":17,"column":30}},"5":{"start":{"line":22,"column":21},"end":{"line":22,"column":62}},"6":{"start":{"line":26,"column":21},"end":{"line":26,"column":41}},"7":{"start":{"line":30,"column":19},"end":{"line":30,"column":39}},"8":{"start":{"line":42,"column":8},"end":{"line":45,"column":9}},"9":{"start":{"line":43,"column":12},"end":{"line":43,"column":28}},"10":{"start":{"line":44,"column":12},"end":{"line":44,"column":28}},"11":{"start":{"line":46,"column":8},"end":{"line":47,"column":42}},"12":{"start":{"line":47,"column":12},"end":{"line":47,"column":42}},"13":{"start":{"line":48,"column":25},"end":{"line":48,"column":84}},"14":{"start":{"line":49,"column":8},"end":{"line":49,"column":38}},"15":{"start":{"line":50,"column":8},"end":{"line":50,"column":26}},"16":{"start":{"line":58,"column":8},"end":{"line":59,"column":25}},"17":{"start":{"line":59,"column":12},"end":{"line":59,"column":25}},"18":{"start":{"line":60,"column":8},"end":{"line":63,"column":24}},"19":{"start":{"line":61,"column":12},"end":{"line":61,"column":25}},"20":{"start":{"line":63,"column":12},"end":{"line":63,"column":24}},"21":{"start":{"line":66,"column":0},"end":{"line":66,"column":54}}},"fnMap":{"0":{"name":"(anonymous_0)","decl":{"start":{"line":15,"column":4},"end":{"line":15,"column":5}},"loc":{"start":{"line":15,"column":59},"end":{"line":18,"column":5}},"line":15},"1":{"name":"(anonymous_1)","decl":{"start":{"line":22,"column":4},"end":{"line":22,"column":5}},"loc":{"start":{"line":22,"column":19},"end":{"line":22,"column":64}},"line":22},"2":{"name":"(anonymous_2)","decl":{"start":{"line":26,"column":4},"end":{"line":26,"column":5}},"loc":{"start":{"line":26,"column":19},"end":{"line":26,"column":43}},"line":26},"3":{"name":"(anonymous_3)","decl":{"start":{"line":30,"column":4},"end":{"line":30,"column":5}},"loc":{"start":{"line":30,"column":17},"end":{"line":30,"column":41}},"line":30},"4":{"name":"(anonymous_4)","decl":{"start":{"line":41,"column":4},"end":{"line":41,"column":5}},"loc":{"start":{"line":41,"column":45},"end":{"line":51,"column":5}},"line":41},"5":{"name":"(anonymous_5)","decl":{"start":{"line":57,"column":4},"end":{"line":57,"column":5}},"loc":{"start":{"line":57,"column":22},"end":{"line":64,"column":5}},"line":57}},"branchMap":{"0":{"loc":{"start":{"line":15,"column":16},"end":{"line":15,"column":36}},"type":"default-arg","locations":[{"start":{"line":15,"column":32},"end":{"line":15,"column":36}}],"line":15},"1":{"loc":{"start":{"line":15,"column":46},"end":{"line":15,"column":57}},"type":"default-arg","locations":[{"start":{"line":15,"column":53},"end":{"line":15,"column":57}}],"line":15},"2":{"loc":{"start":{"line":41,"column":14},"end":{"line":41,"column":29}},"type":"default-arg","locations":[{"start":{"line":41,"column":25},"end":{"line":41,"column":29}}],"line":41},"3":{"loc":{"start":{"line":41,"column":31},"end":{"line":41,"column":43}},"type":"default-arg","locations":[{"start":{"line":41,"column":38},"end":{"line":41,"column":43}}],"line":41},"4":{"loc":{"start":{"line":42,"column":8},"end":{"line":45,"column":9}},"type":"if","locations":[{"start":{"line":42,"column":8},"end":{"line":45,"column":9}},{"start":{"line":42,"column":8},"end":{"line":45,"column":9}}],"line":42},"5":{"loc":{"start":{"line":46,"column":8},"end":{"line":47,"column":42}},"type":"if","locations":[{"start":{"line":46,"column":8},"end":{"line":47,"column":42}},{"start":{"line":46,"column":8},"end":{"line":47,"column":42}}],"line":46},"6":{"loc":{"start":{"line":58,"column":8},"end":{"line":59,"column":25}},"type":"if","locations":[{"start":{"line":58,"column":8},"end":{"line":59,"column":25}},{"start":{"line":58,"column":8},"end":{"line":59,"column":25}}],"line":58},"7":{"loc":{"start":{"line":60,"column":8},"end":{"line":63,"column":24}},"type":"if","locations":[{"start":{"line":60,"column":8},"end":{"line":63,"column":24}},{"start":{"line":60,"column":8},"end":{"line":63,"column":24}}],"line":60},"8":{"loc":{"start":{"line":60,"column":12},"end":{"line":60,"column":48}},"type":"binary-expr","locations":[{"start":{"line":60,"column":12},"end":{"line":60,"column":17}},{"start":{"line":60,"column":21},"end":{"line":60,"column":48}}],"line":60}},"s":{"0":1,"1":1,"2":1,"3":0,"4":0,"5":0,"6":0,"7":0,"8":0,"9":0,"10":0,"11":0,"12":0,"13":0,"14":0,"15":0,"16":0,"17":0,"18":0,"19":0,"20":0,"21":1},"f":{"0":0,"1":0,"2":0,"3":0,"4":0,"5":0},"b":{"0":[0],"1":[0],"2":[0],"3":[0],"4":[0,0],"5":[0,0],"6":[0,0],"7":[0,0],"8":[0,0]},"_coverageSchema":"43e27e138ebf9cfc5966b082cf9a028302ed4184","hash":"e02322abfad7aa200d58474ffb54efba84309498","contentHash":"fdcb1314ac4a3040e1fdcda682fe0b1cf4d47c58f2511c0ec800e05d6464af29"},"C:\\Users\\Özgür\\Source\\Repos\\xmlbuilder2\\src\\dom\\NodeFilter.ts":{"path":"C:\\Users\\Özgür\\Source\\Repos\\xmlbuilder2\\src\\dom\\NodeFilter.ts","statementMap":{"0":{"start":{"line":2,"column":0},"end":{"line":2,"column":62}},"1":{"start":{"line":13,"column":8},"end":{"line":13,"column":34}},"2":{"start":{"line":19,"column":8},"end":{"line":19,"column":36}},"3":{"start":{"line":22,"column":0},"end":{"line":22,"column":28}},"4":{"start":{"line":23,"column":0},"end":{"line":23,"column":28}},"5":{"start":{"line":24,"column":0},"end":{"line":24,"column":26}},"6":{"start":{"line":25,"column":0},"end":{"line":25,"column":32}},"7":{"start":{"line":26,"column":0},"end":{"line":26,"column":29}},"8":{"start":{"line":27,"column":0},"end":{"line":27,"column":31}},"9":{"start":{"line":28,"column":0},"end":{"line":28,"column":26}},"10":{"start":{"line":29,"column":0},"end":{"line":29,"column":34}},"11":{"start":{"line":30,"column":0},"end":{"line":30,"column":38}},"12":{"start":{"line":31,"column":0},"end":{"line":31,"column":29}},"13":{"start":{"line":32,"column":0},"end":{"line":32,"column":44}},"14":{"start":{"line":33,"column":0},"end":{"line":33,"column":30}},"15":{"start":{"line":34,"column":0},"end":{"line":34,"column":32}},"16":{"start":{"line":35,"column":0},"end":{"line":35,"column":36}},"17":{"start":{"line":36,"column":0},"end":{"line":36,"column":40}},"18":{"start":{"line":37,"column":0},"end":{"line":37,"column":32}},"19":{"start":{"line":38,"column":0},"end":{"line":38,"column":32}}},"fnMap":{"0":{"name":"(anonymous_0)","decl":{"start":{"line":12,"column":4},"end":{"line":12,"column":5}},"loc":{"start":{"line":12,"column":26},"end":{"line":14,"column":5}},"line":12},"1":{"name":"(anonymous_1)","decl":{"start":{"line":18,"column":4},"end":{"line":18,"column":5}},"loc":{"start":{"line":18,"column":21},"end":{"line":20,"column":5}},"line":18}},"branchMap":{},"s":{"0":1,"1":0,"2":0,"3":1,"4":1,"5":1,"6":1,"7":1,"8":1,"9":1,"10":1,"11":1,"12":1,"13":1,"14":1,"15":1,"16":1,"17":1,"18":1,"19":1},"f":{"0":0,"1":0},"b":{},"_coverageSchema":"43e27e138ebf9cfc5966b082cf9a028302ed4184","hash":"e65bcac36e7be46f50674f3dfa0c388d2cdee137","contentHash":"5e35b18a1775f9065c719c6427f45aff5cd4b3ff809be1cc039401e4823e6393"}}